2019-11-06 08:26:58.827 [info] <0.43.0> Application lager started on node nonode@nohost
2019-11-06 08:26:58.845 [info] <0.43.0> Application xmerl started on node nonode@nohost
2019-11-06 08:26:58.851 [info] <0.43.0> Application jsx started on node nonode@nohost
2019-11-06 08:26:58.859 [info] <0.43.0> Application ranch started on node nonode@nohost
2019-11-06 08:26:58.862 [info] <0.43.0> Application recon started on node nonode@nohost
2019-11-06 08:26:58.862 [info] <0.43.0> Application rabbit_common started on node nonode@nohost
2019-11-06 08:26:58.888 [info] <0.43.0> Application amqp_client started on node nonode@nohost
2019-11-06 08:26:58.893 [info] <0.43.0> Application amqp started on node nonode@nohost
2019-11-06 08:26:58.901 [info] <0.43.0> Application elixir_uuid started on node nonode@nohost
2019-11-06 08:26:58.904 [info] <0.43.0> Application protobuf started on node nonode@nohost
2019-11-06 08:26:58.909 [info] <0.43.0> Application google_protos started on node nonode@nohost
2019-11-06 08:26:58.911 [info] <0.43.0> Application railway_ipc started on node nonode@nohost
2019-11-06 08:26:58.912 [info] <0.43.0> Application phoenix_html started on node nonode@nohost
2019-11-06 08:26:58.918 [info] <0.43.0> Application cowlib started on node nonode@nohost
2019-11-06 08:26:58.923 [info] <0.43.0> Application cowboy started on node nonode@nohost
2019-11-06 08:26:58.925 [info] <0.43.0> Application plug_cowboy started on node nonode@nohost
2019-11-06 08:26:58.930 [info] <0.43.0> Application file_system started on node nonode@nohost
2019-11-06 08:26:58.951 [info] <0.43.0> Application phoenix_live_reload started on node nonode@nohost
2019-11-06 08:26:58.958 [info] <0.43.0> Application phoenix_ecto started on node nonode@nohost
2019-11-06 08:26:59.429 [info] <0.43.0> Application railway_ui started on node nonode@nohost
2019-11-06 08:31:59.818 [error] <0.537.0> CRASH REPORT Process <0.537.0> with 0 neighbours exited with reason: {{#{'__exception__' => true,'__struct__' => 'Elixir.Phoenix.Router.NoRouteError',conn => #{'__struct__' => 'Elixir.Plug.Conn',adapter => {'Elixir.Plug.Cowboy.Conn',#{bindings => #{},body_length => 0,cert => undefined,has_body => false,headers => #{<<"accept">> => <<"*/*">>,<<"accept-encoding">> => <<"gzip, deflate, br">>,<<"accept-language">> => <<"en-US,en;q=0.9">>,<<"connection">> => <<"keep-alive">>,<<"host">> => <<"localhost:4000">>,<<"http_method">> => <<"POST">>,<<"purpose">> => <<"...">>,...},...}},...},...},...},...} in 'Elixir.Phoenix.Endpoint.Cowboy2Handler':init/4 line 59 in 'Elixir.Phoenix.Endpoint.Cowboy2Handler':init/4 line 59
2019-11-06 08:31:59.819 [error] <0.534.0> CRASH REPORT Process <0.534.0> with 0 neighbours exited with reason: {{#{'__exception__' => true,'__struct__' => 'Elixir.Phoenix.Router.NoRouteError',conn => #{'__struct__' => 'Elixir.Plug.Conn',adapter => {'Elixir.Plug.Cowboy.Conn',#{bindings => #{},body_length => 0,cert => undefined,has_body => false,headers => #{<<"accept">> => <<"text/css,*/*;q=0.1">>,<<"accept-encoding">> => <<"gzip, deflate, br">>,<<"accept-language">> => <<"en-US,en;q=0.9">>,<<"connection">> => <<"keep-alive">>,<<"host">> => <<"localhost:4000">>,<<"http_method">> => <<"POST">>,<<"...">> => ...,...},...}},...},...},...},...} in 'Elixir.Phoenix.Endpoint.Cowboy2Handler':init/4 line 59 in 'Elixir.Phoenix.Endpoint.Cowboy2Handler':init/4 line 59
2019-11-06 08:31:59.819 [error] <0.535.0> CRASH REPORT Process <0.535.0> with 0 neighbours exited with reason: {{#{'__exception__' => true,'__struct__' => 'Elixir.Phoenix.Router.NoRouteError',conn => #{'__struct__' => 'Elixir.Plug.Conn',adapter => {'Elixir.Plug.Cowboy.Conn',#{bindings => #{},body_length => 0,cert => undefined,has_body => false,headers => #{<<"accept">> => <<"image/webp,image/apng,image/*,*/*;q=0.8">>,<<"accept-encoding">> => <<"gzip, deflate, br">>,<<"accept-language">> => <<"en-US,en;q=0.9">>,<<"connection">> => <<"keep-alive">>,<<"host">> => <<"localhost:4000">>,<<"http_met...">> => ...,...},...}},...},...},...},...} in 'Elixir.Phoenix.Endpoint.Cowboy2Handler':init/4 line 59 in 'Elixir.Phoenix.Endpoint.Cowboy2Handler':init/4 line 59
2019-11-06 08:31:59.860 [error] <0.537.0> Cowboy stream 1 with ranch listener 'Elixir.RailwayUiWeb.Endpoint.HTTP' and connection process <0.536.0> had its request process exit with reason: {{#{'__exception__' => true,'__struct__' => 'Elixir.Phoenix.Router.NoRouteError',conn => #{'__struct__' => 'Elixir.Plug.Conn',adapter => {'Elixir.Plug.Cowboy.Conn',#{bindings => #{},body_length => 0,cert => undefined,has_body => false,headers => #{<<"accept">> => <<"*/*">>,<<"accept-encoding">> => <<"gzip, deflate, br">>,<<"accept-language">> => <<"en-US,en;q=0.9">>,<<"connection">> => <<"keep-alive">>,<<"host">> => <<"localhost:4000">>,<<"http_method">> => <<"POST">>,<<"purpose">> => <<"...">>,...},...}},...},...},...},...} in 'Elixir.Phoenix.Endpoint.Cowboy2Handler':init/4 line 59
2019-11-06 08:31:59.860 [error] <0.535.0> Cowboy stream 1 with ranch listener 'Elixir.RailwayUiWeb.Endpoint.HTTP' and connection process <0.499.0> had its request process exit with reason: {{#{'__exception__' => true,'__struct__' => 'Elixir.Phoenix.Router.NoRouteError',conn => #{'__struct__' => 'Elixir.Plug.Conn',adapter => {'Elixir.Plug.Cowboy.Conn',#{bindings => #{},body_length => 0,cert => undefined,has_body => false,headers => #{<<"accept">> => <<"image/webp,image/apng,image/*,*/*;q=0.8">>,<<"accept-encoding">> => <<"gzip, deflate, br">>,<<"accept-language">> => <<"en-US,en;q=0.9">>,<<"connection">> => <<"keep-alive">>,<<"host">> => <<"localhost:4000">>,<<"http_met...">> => ...,...},...}},...},...},...},...} in 'Elixir.Phoenix.Endpoint.Cowboy2Handler':init/4 line 59
2019-11-06 08:31:59.860 [error] <0.534.0> Cowboy stream 2 with ranch listener 'Elixir.RailwayUiWeb.Endpoint.HTTP' and connection process <0.498.0> had its request process exit with reason: {{#{'__exception__' => true,'__struct__' => 'Elixir.Phoenix.Router.NoRouteError',conn => #{'__struct__' => 'Elixir.Plug.Conn',adapter => {'Elixir.Plug.Cowboy.Conn',#{bindings => #{},body_length => 0,cert => undefined,has_body => false,headers => #{<<"accept">> => <<"text/css,*/*;q=0.1">>,<<"accept-encoding">> => <<"gzip, deflate, br">>,<<"accept-language">> => <<"en-US,en;q=0.9">>,<<"connection">> => <<"keep-alive">>,<<"host">> => <<"localhost:4000">>,<<"http_method">> => <<"POST">>,<<"...">> => ...,...},...}},...},...},...},...} in 'Elixir.Phoenix.Endpoint.Cowboy2Handler':init/4 line 59
2019-11-06 08:34:38.061 [info] <0.43.0> Application lager started on node nonode@nohost
2019-11-06 08:34:38.077 [info] <0.43.0> Application xmerl started on node nonode@nohost
2019-11-06 08:34:38.081 [info] <0.43.0> Application jsx started on node nonode@nohost
2019-11-06 08:34:38.094 [info] <0.43.0> Application ranch started on node nonode@nohost
2019-11-06 08:34:38.098 [info] <0.43.0> Application recon started on node nonode@nohost
2019-11-06 08:34:38.098 [info] <0.43.0> Application rabbit_common started on node nonode@nohost
2019-11-06 08:34:38.124 [info] <0.43.0> Application amqp_client started on node nonode@nohost
2019-11-06 08:34:38.129 [info] <0.43.0> Application amqp started on node nonode@nohost
2019-11-06 08:34:38.133 [info] <0.43.0> Application elixir_uuid started on node nonode@nohost
2019-11-06 08:34:38.138 [info] <0.43.0> Application protobuf started on node nonode@nohost
2019-11-06 08:34:38.144 [info] <0.43.0> Application google_protos started on node nonode@nohost
2019-11-06 08:34:38.146 [info] <0.43.0> Application railway_ipc started on node nonode@nohost
2019-11-06 08:34:38.148 [info] <0.43.0> Application phoenix_html started on node nonode@nohost
2019-11-06 08:34:38.155 [info] <0.43.0> Application cowlib started on node nonode@nohost
2019-11-06 08:34:38.172 [info] <0.43.0> Application cowboy started on node nonode@nohost
2019-11-06 08:34:38.174 [info] <0.43.0> Application plug_cowboy started on node nonode@nohost
2019-11-06 08:34:38.181 [info] <0.43.0> Application file_system started on node nonode@nohost
2019-11-06 08:34:38.211 [info] <0.43.0> Application phoenix_live_reload started on node nonode@nohost
2019-11-06 08:34:38.223 [info] <0.43.0> Application phoenix_ecto started on node nonode@nohost
2019-11-06 08:34:38.642 [info] <0.43.0> Application railway_ui started on node nonode@nohost
2019-11-06 08:34:48.776 [error] <0.513.0> CRASH REPORT Process <0.513.0> with 0 neighbours exited with reason: {{#{'__exception__' => true,'__struct__' => 'Elixir.Phoenix.Router.NoRouteError',conn => #{'__struct__' => 'Elixir.Plug.Conn',adapter => {'Elixir.Plug.Cowboy.Conn',#{bindings => #{},body_length => 0,cert => undefined,has_body => false,headers => #{<<"accept">> => <<"text/css,*/*;q=0.1">>,<<"accept-encoding">> => <<"gzip, deflate, br">>,<<"accept-language">> => <<"en-US,en;q=0.9">>,<<"connection">> => <<"keep-alive">>,<<"host">> => <<"localhost:4000">>,<<"http_method">> => <<"POST">>,<<"...">> => ...,...},...}},...},...},...},...} in 'Elixir.Phoenix.Endpoint.Cowboy2Handler':init/4 line 59 in 'Elixir.Phoenix.Endpoint.Cowboy2Handler':init/4 line 59
2019-11-06 08:34:48.800 [error] <0.513.0> Cowboy stream 2 with ranch listener 'Elixir.RailwayUiWeb.Endpoint.HTTP' and connection process <0.509.0> had its request process exit with reason: {{#{'__exception__' => true,'__struct__' => 'Elixir.Phoenix.Router.NoRouteError',conn => #{'__struct__' => 'Elixir.Plug.Conn',adapter => {'Elixir.Plug.Cowboy.Conn',#{bindings => #{},body_length => 0,cert => undefined,has_body => false,headers => #{<<"accept">> => <<"text/css,*/*;q=0.1">>,<<"accept-encoding">> => <<"gzip, deflate, br">>,<<"accept-language">> => <<"en-US,en;q=0.9">>,<<"connection">> => <<"keep-alive">>,<<"host">> => <<"localhost:4000">>,<<"http_method">> => <<"POST">>,<<"...">> => ...,...},...}},...},...},...},...} in 'Elixir.Phoenix.Endpoint.Cowboy2Handler':init/4 line 59
2019-11-06 08:35:00.674 [error] <0.534.0> CRASH REPORT Process <0.534.0> with 0 neighbours exited with reason: {{#{'__exception__' => true,'__struct__' => 'Elixir.Phoenix.Router.NoRouteError',conn => #{'__struct__' => 'Elixir.Plug.Conn',adapter => {'Elixir.Plug.Cowboy.Conn',#{bindings => #{},body_length => 0,cert => undefined,has_body => false,headers => #{<<"accept">> => <<"text/css,*/*;q=0.1">>,<<"accept-encoding">> => <<"gzip, deflate, br">>,<<"accept-language">> => <<"en-US,en;q=0.9">>,<<"connection">> => <<"keep-alive">>,<<"host">> => <<"localhost:4000">>,<<"http_method">> => <<"POST">>,<<"...">> => ...,...},...}},...},...},...},...} in 'Elixir.Phoenix.Endpoint.Cowboy2Handler':init/4 line 59 in 'Elixir.Phoenix.Endpoint.Cowboy2Handler':init/4 line 59
2019-11-06 08:35:00.675 [error] <0.534.0> Cowboy stream 2 with ranch listener 'Elixir.RailwayUiWeb.Endpoint.HTTP' and connection process <0.522.0> had its request process exit with reason: {{#{'__exception__' => true,'__struct__' => 'Elixir.Phoenix.Router.NoRouteError',conn => #{'__struct__' => 'Elixir.Plug.Conn',adapter => {'Elixir.Plug.Cowboy.Conn',#{bindings => #{},body_length => 0,cert => undefined,has_body => false,headers => #{<<"accept">> => <<"text/css,*/*;q=0.1">>,<<"accept-encoding">> => <<"gzip, deflate, br">>,<<"accept-language">> => <<"en-US,en;q=0.9">>,<<"connection">> => <<"keep-alive">>,<<"host">> => <<"localhost:4000">>,<<"http_method">> => <<"POST">>,<<"...">> => ...,...},...}},...},...},...},...} in 'Elixir.Phoenix.Endpoint.Cowboy2Handler':init/4 line 59
2019-11-06 08:35:07.847 [error] <0.547.0> CRASH REPORT Process <0.547.0> with 0 neighbours exited with reason: {{#{'__exception__' => true,'__struct__' => 'Elixir.Phoenix.Router.NoRouteError',conn => #{'__struct__' => 'Elixir.Plug.Conn',adapter => {'Elixir.Plug.Cowboy.Conn',#{bindings => #{},body_length => 0,cert => undefined,has_body => false,headers => #{<<"accept">> => <<"text/css,*/*;q=0.1">>,<<"accept-encoding">> => <<"gzip, deflate, br">>,<<"accept-language">> => <<"en-US,en;q=0.9">>,<<"connection">> => <<"keep-alive">>,<<"host">> => <<"localhost:4000">>,<<"http_method">> => <<"POST">>,<<"...">> => ...,...},...}},...},...},...},...} in 'Elixir.Phoenix.Endpoint.Cowboy2Handler':init/4 line 59 in 'Elixir.Phoenix.Endpoint.Cowboy2Handler':init/4 line 59
2019-11-06 08:35:07.847 [error] <0.547.0> Cowboy stream 2 with ranch listener 'Elixir.RailwayUiWeb.Endpoint.HTTP' and connection process <0.543.0> had its request process exit with reason: {{#{'__exception__' => true,'__struct__' => 'Elixir.Phoenix.Router.NoRouteError',conn => #{'__struct__' => 'Elixir.Plug.Conn',adapter => {'Elixir.Plug.Cowboy.Conn',#{bindings => #{},body_length => 0,cert => undefined,has_body => false,headers => #{<<"accept">> => <<"text/css,*/*;q=0.1">>,<<"accept-encoding">> => <<"gzip, deflate, br">>,<<"accept-language">> => <<"en-US,en;q=0.9">>,<<"connection">> => <<"keep-alive">>,<<"host">> => <<"localhost:4000">>,<<"http_method">> => <<"POST">>,<<"...">> => ...,...},...}},...},...},...},...} in 'Elixir.Phoenix.Endpoint.Cowboy2Handler':init/4 line 59
2019-11-06 08:35:47.236 [error] <0.577.0> CRASH REPORT Process <0.577.0> with 0 neighbours exited with reason: {{#{'__exception__' => true,'__struct__' => 'Elixir.UndefinedFunctionError',arity => 1,function => init,message => nil,module => 'Elixir.RailwayUiWeb.ConsumedMessageController',reason => nil},[{'Elixir.RailwayUiWeb.ConsumedMessageController',init,[index],[]},{'Elixir.Phoenix.Router','__call__',2,[{file,"lib/phoenix/router.ex"},{line,288}]},{'Elixir.RailwayUiWeb.Endpoint',plug_builder_call,2,[{file,"lib/railway_ui_web/endpoint.ex"},{line,1}]},{'Elixir.RailwayUiWeb.Endpoint','call (overridable 3)',...},...]},...} in 'Elixir.Phoenix.Endpoint.Cowboy2Handler':init/4 line 59 in 'Elixir.Phoenix.Endpoint.Cowboy2Handler':init/4 line 59
2019-11-06 08:35:47.237 [error] <0.577.0> Cowboy stream 1 with ranch listener 'Elixir.RailwayUiWeb.Endpoint.HTTP' and connection process <0.575.0> had its request process exit with reason: {{#{'__exception__' => true,'__struct__' => 'Elixir.UndefinedFunctionError',arity => 1,function => init,message => nil,module => 'Elixir.RailwayUiWeb.ConsumedMessageController',reason => nil},[{'Elixir.RailwayUiWeb.ConsumedMessageController',init,[index],[]},{'Elixir.Phoenix.Router','__call__',2,[{file,"lib/phoenix/router.ex"},{line,288}]},{'Elixir.RailwayUiWeb.Endpoint',plug_builder_call,2,[{file,"lib/railway_ui_web/endpoint.ex"},{line,1}]},{'Elixir.RailwayUiWeb.Endpoint','call (overridable 3)',...},...]},...} in 'Elixir.Phoenix.Endpoint.Cowboy2Handler':init/4 line 59
2019-11-06 08:36:11.768 [error] <0.590.0> CRASH REPORT Process <0.590.0> with 0 neighbours exited with reason: {{#{'__exception__' => true,'__struct__' => 'Elixir.UndefinedFunctionError',arity => 1,function => all,message => nil,module => 'Elixir.Repo',reason => nil},[{'Elixir.Repo',all,['Elixir.RailwayIpc.Persistence.ConsumedMessage'],[]},{'Elixir.RailwayUiWeb.ConsumedMessageController',index,2,[{file,"lib/railway_ui_web/controllers/consumed_message_controller.ex"},{line,5}]},{'Elixir.RailwayUiWeb.ConsumedMessageController',action,2,[{file,"lib/railway_ui_web/controllers/consumed_message_controlle..."},...]},...]},...} in 'Elixir.Phoenix.Endpoint.Cowboy2Handler':init/4 line 59 in 'Elixir.Phoenix.Endpoint.Cowboy2Handler':init/4 line 59
2019-11-06 08:36:11.768 [error] <0.590.0> Cowboy stream 1 with ranch listener 'Elixir.RailwayUiWeb.Endpoint.HTTP' and connection process <0.589.0> had its request process exit with reason: {{#{'__exception__' => true,'__struct__' => 'Elixir.UndefinedFunctionError',arity => 1,function => all,message => nil,module => 'Elixir.Repo',reason => nil},[{'Elixir.Repo',all,['Elixir.RailwayIpc.Persistence.ConsumedMessage'],[]},{'Elixir.RailwayUiWeb.ConsumedMessageController',index,2,[{file,"lib/railway_ui_web/controllers/consumed_message_controller.ex"},{line,5}]},{'Elixir.RailwayUiWeb.ConsumedMessageController',action,2,[{file,"lib/railway_ui_web/controllers/consumed_message_controlle..."},...]},...]},...} in 'Elixir.Phoenix.Endpoint.Cowboy2Handler':init/4 line 59
2019-11-06 08:36:34.611 [error] <0.617.0> CRASH REPORT Process <0.617.0> with 0 neighbours exited with reason: {{#{'__exception__' => true,'__struct__' => 'Elixir.UndefinedFunctionError',arity => 1,function => all,message => nil,module => 'Elixir.Repo',reason => nil},[{'Elixir.Repo',all,['Elixir.RailwayIpc.Persistence.ConsumedMessage'],[]},{'Elixir.RailwayUiWeb.ConsumedMessageController',index,2,[{file,"lib/railway_ui_web/controllers/consumed_message_controller.ex"},{line,5}]},{'Elixir.RailwayUiWeb.ConsumedMessageController',action,2,[{file,"lib/railway_ui_web/controllers/consumed_message_controlle..."},...]},...]},...} in 'Elixir.Phoenix.Endpoint.Cowboy2Handler':init/4 line 59 in 'Elixir.Phoenix.Endpoint.Cowboy2Handler':init/4 line 59
2019-11-06 08:36:34.612 [error] <0.617.0> Cowboy stream 1 with ranch listener 'Elixir.RailwayUiWeb.Endpoint.HTTP' and connection process <0.616.0> had its request process exit with reason: {{#{'__exception__' => true,'__struct__' => 'Elixir.UndefinedFunctionError',arity => 1,function => all,message => nil,module => 'Elixir.Repo',reason => nil},[{'Elixir.Repo',all,['Elixir.RailwayIpc.Persistence.ConsumedMessage'],[]},{'Elixir.RailwayUiWeb.ConsumedMessageController',index,2,[{file,"lib/railway_ui_web/controllers/consumed_message_controller.ex"},{line,5}]},{'Elixir.RailwayUiWeb.ConsumedMessageController',action,2,[{file,"lib/railway_ui_web/controllers/consumed_message_controlle..."},...]},...]},...} in 'Elixir.Phoenix.Endpoint.Cowboy2Handler':init/4 line 59
2019-11-06 08:36:38.424 [error] <0.638.0> CRASH REPORT Process <0.638.0> with 0 neighbours exited with reason: {{#{'__exception__' => true,'__struct__' => 'Elixir.UndefinedFunctionError',arity => 1,function => all,message => nil,module => 'Elixir.Repo',reason => nil},[{'Elixir.Repo',all,['Elixir.RailwayIpc.Persistence.ConsumedMessage'],[]},{'Elixir.RailwayUiWeb.ConsumedMessageController',index,2,[{file,"lib/railway_ui_web/controllers/consumed_message_controller.ex"},{line,5}]},{'Elixir.RailwayUiWeb.ConsumedMessageController',action,2,[{file,"lib/railway_ui_web/controllers/consumed_message_controlle..."},...]},...]},...} in 'Elixir.Phoenix.Endpoint.Cowboy2Handler':init/4 line 59 in 'Elixir.Phoenix.Endpoint.Cowboy2Handler':init/4 line 59
2019-11-06 08:36:38.425 [error] <0.638.0> Cowboy stream 4 with ranch listener 'Elixir.RailwayUiWeb.Endpoint.HTTP' and connection process <0.616.0> had its request process exit with reason: {{#{'__exception__' => true,'__struct__' => 'Elixir.UndefinedFunctionError',arity => 1,function => all,message => nil,module => 'Elixir.Repo',reason => nil},[{'Elixir.Repo',all,['Elixir.RailwayIpc.Persistence.ConsumedMessage'],[]},{'Elixir.RailwayUiWeb.ConsumedMessageController',index,2,[{file,"lib/railway_ui_web/controllers/consumed_message_controller.ex"},{line,5}]},{'Elixir.RailwayUiWeb.ConsumedMessageController',action,2,[{file,"lib/railway_ui_web/controllers/consumed_message_controlle..."},...]},...]},...} in 'Elixir.Phoenix.Endpoint.Cowboy2Handler':init/4 line 59
2019-11-06 08:36:47.193 [error] <0.648.0> CRASH REPORT Process <0.648.0> with 0 neighbours exited with reason: {{#{'__exception__' => true,'__struct__' => 'Elixir.UndefinedFunctionError',arity => 1,function => all,message => nil,module => 'Elixir.Repo',reason => nil},[{'Elixir.Repo',all,['Elixir.RailwayIpc.Persistence.ConsumedMessage'],[]},{'Elixir.RailwayUiWeb.ConsumedMessageController',index,2,[{file,"lib/railway_ui_web/controllers/consumed_message_controller.ex"},{line,5}]},{'Elixir.RailwayUiWeb.ConsumedMessageController',action,2,[{file,"lib/railway_ui_web/controllers/consumed_message_controlle..."},...]},...]},...} in 'Elixir.Phoenix.Endpoint.Cowboy2Handler':init/4 line 59 in 'Elixir.Phoenix.Endpoint.Cowboy2Handler':init/4 line 59
2019-11-06 08:36:47.193 [error] <0.648.0> Cowboy stream 1 with ranch listener 'Elixir.RailwayUiWeb.Endpoint.HTTP' and connection process <0.646.0> had its request process exit with reason: {{#{'__exception__' => true,'__struct__' => 'Elixir.UndefinedFunctionError',arity => 1,function => all,message => nil,module => 'Elixir.Repo',reason => nil},[{'Elixir.Repo',all,['Elixir.RailwayIpc.Persistence.ConsumedMessage'],[]},{'Elixir.RailwayUiWeb.ConsumedMessageController',index,2,[{file,"lib/railway_ui_web/controllers/consumed_message_controller.ex"},{line,5}]},{'Elixir.RailwayUiWeb.ConsumedMessageController',action,2,[{file,"lib/railway_ui_web/controllers/consumed_message_controlle..."},...]},...]},...} in 'Elixir.Phoenix.Endpoint.Cowboy2Handler':init/4 line 59
2019-11-06 08:36:53.603 [error] <0.667.0> CRASH REPORT Process <0.667.0> with 0 neighbours exited with reason: {{#{'__exception__' => true,'__struct__' => 'Elixir.UndefinedFunctionError',arity => 1,function => all,message => nil,module => 'Elixir.Repo',reason => nil},[{'Elixir.Repo',all,['Elixir.RailwayIpc.Persistence.ConsumedMessage'],[]},{'Elixir.RailwayUiWeb.ConsumedMessageController',index,2,[{file,"lib/railway_ui_web/controllers/consumed_message_controller.ex"},{line,5}]},{'Elixir.RailwayUiWeb.ConsumedMessageController',action,2,[{file,"lib/railway_ui_web/controllers/consumed_message_controlle..."},...]},...]},...} in 'Elixir.Phoenix.Endpoint.Cowboy2Handler':init/4 line 59 in 'Elixir.Phoenix.Endpoint.Cowboy2Handler':init/4 line 59
2019-11-06 08:36:53.604 [error] <0.667.0> Cowboy stream 3 with ranch listener 'Elixir.RailwayUiWeb.Endpoint.HTTP' and connection process <0.660.0> had its request process exit with reason: {{#{'__exception__' => true,'__struct__' => 'Elixir.UndefinedFunctionError',arity => 1,function => all,message => nil,module => 'Elixir.Repo',reason => nil},[{'Elixir.Repo',all,['Elixir.RailwayIpc.Persistence.ConsumedMessage'],[]},{'Elixir.RailwayUiWeb.ConsumedMessageController',index,2,[{file,"lib/railway_ui_web/controllers/consumed_message_controller.ex"},{line,5}]},{'Elixir.RailwayUiWeb.ConsumedMessageController',action,2,[{file,"lib/railway_ui_web/controllers/consumed_message_controlle..."},...]},...]},...} in 'Elixir.Phoenix.Endpoint.Cowboy2Handler':init/4 line 59
2019-11-06 08:37:18.072 [info] <0.43.0> Application lager started on node nonode@nohost
2019-11-06 08:37:18.085 [info] <0.43.0> Application xmerl started on node nonode@nohost
2019-11-06 08:37:18.091 [info] <0.43.0> Application jsx started on node nonode@nohost
2019-11-06 08:37:18.104 [info] <0.43.0> Application ranch started on node nonode@nohost
2019-11-06 08:37:18.108 [info] <0.43.0> Application recon started on node nonode@nohost
2019-11-06 08:37:18.108 [info] <0.43.0> Application rabbit_common started on node nonode@nohost
2019-11-06 08:37:18.121 [info] <0.43.0> Application amqp_client started on node nonode@nohost
2019-11-06 08:37:18.127 [info] <0.43.0> Application amqp started on node nonode@nohost
2019-11-06 08:37:18.142 [info] <0.43.0> Application elixir_uuid started on node nonode@nohost
2019-11-06 08:37:18.147 [info] <0.43.0> Application protobuf started on node nonode@nohost
2019-11-06 08:37:18.158 [info] <0.43.0> Application google_protos started on node nonode@nohost
2019-11-06 08:37:18.160 [info] <0.43.0> Application railway_ipc started on node nonode@nohost
2019-11-06 08:37:18.161 [info] <0.43.0> Application phoenix_html started on node nonode@nohost
2019-11-06 08:37:18.168 [info] <0.43.0> Application cowlib started on node nonode@nohost
2019-11-06 08:37:18.175 [info] <0.43.0> Application cowboy started on node nonode@nohost
2019-11-06 08:37:18.179 [info] <0.43.0> Application plug_cowboy started on node nonode@nohost
2019-11-06 08:37:18.196 [info] <0.43.0> Application file_system started on node nonode@nohost
2019-11-06 08:37:18.213 [info] <0.43.0> Application phoenix_live_reload started on node nonode@nohost
2019-11-06 08:37:18.218 [info] <0.43.0> Application phoenix_ecto started on node nonode@nohost
2019-11-06 08:37:18.464 [info] <0.43.0> Application railway_ui started on node nonode@nohost
2019-11-06 08:37:24.558 [error] <0.525.0> CRASH REPORT Process <0.525.0> with 0 neighbours exited with reason: {{#{'__exception__' => true,'__struct__' => 'Elixir.UndefinedFunctionError',arity => 1,function => all,message => nil,module => 'Elixir.Repo',reason => nil},[{'Elixir.Repo',all,['Elixir.RailwayIpc.Persistence.ConsumedMessage'],[]},{'Elixir.RailwayUiWeb.ConsumedMessageController',index,2,[{file,"lib/railway_ui_web/controllers/consumed_message_controller.ex"},{line,5}]},{'Elixir.RailwayUiWeb.ConsumedMessageController',action,2,[{file,"lib/railway_ui_web/controllers/consumed_message_controlle..."},...]},...]},...} in 'Elixir.Phoenix.Endpoint.Cowboy2Handler':init/4 line 59 in 'Elixir.Phoenix.Endpoint.Cowboy2Handler':init/4 line 59
2019-11-06 08:37:24.580 [error] <0.525.0> Cowboy stream 1 with ranch listener 'Elixir.RailwayUiWeb.Endpoint.HTTP' and connection process <0.523.0> had its request process exit with reason: {{#{'__exception__' => true,'__struct__' => 'Elixir.UndefinedFunctionError',arity => 1,function => all,message => nil,module => 'Elixir.Repo',reason => nil},[{'Elixir.Repo',all,['Elixir.RailwayIpc.Persistence.ConsumedMessage'],[]},{'Elixir.RailwayUiWeb.ConsumedMessageController',index,2,[{file,"lib/railway_ui_web/controllers/consumed_message_controller.ex"},{line,5}]},{'Elixir.RailwayUiWeb.ConsumedMessageController',action,2,[{file,"lib/railway_ui_web/controllers/consumed_message_controlle..."},...]},...]},...} in 'Elixir.Phoenix.Endpoint.Cowboy2Handler':init/4 line 59
2019-11-06 08:37:32.335 [error] <0.533.0> CRASH REPORT Process <0.533.0> with 0 neighbours exited with reason: {{#{'__exception__' => true,'__struct__' => 'Elixir.UndefinedFunctionError',arity => 1,function => all,message => nil,module => 'Elixir.Repo',reason => nil},[{'Elixir.Repo',all,['Elixir.RailwayIpc.Persistence.ConsumedMessage'],[]},{'Elixir.RailwayUiWeb.ConsumedMessageController',index,2,[{file,"lib/railway_ui_web/controllers/consumed_message_controller.ex"},{line,5}]},{'Elixir.RailwayUiWeb.ConsumedMessageController',action,2,[{file,"lib/railway_ui_web/controllers/consumed_message_controlle..."},...]},...]},...} in 'Elixir.Phoenix.Endpoint.Cowboy2Handler':init/4 line 59 in 'Elixir.Phoenix.Endpoint.Cowboy2Handler':init/4 line 59
2019-11-06 08:37:32.336 [error] <0.533.0> Cowboy stream 1 with ranch listener 'Elixir.RailwayUiWeb.Endpoint.HTTP' and connection process <0.532.0> had its request process exit with reason: {{#{'__exception__' => true,'__struct__' => 'Elixir.UndefinedFunctionError',arity => 1,function => all,message => nil,module => 'Elixir.Repo',reason => nil},[{'Elixir.Repo',all,['Elixir.RailwayIpc.Persistence.ConsumedMessage'],[]},{'Elixir.RailwayUiWeb.ConsumedMessageController',index,2,[{file,"lib/railway_ui_web/controllers/consumed_message_controller.ex"},{line,5}]},{'Elixir.RailwayUiWeb.ConsumedMessageController',action,2,[{file,"lib/railway_ui_web/controllers/consumed_message_controlle..."},...]},...]},...} in 'Elixir.Phoenix.Endpoint.Cowboy2Handler':init/4 line 59
2019-11-06 08:43:30.941 [info] <0.43.0> Application lager started on node nonode@nohost
2019-11-06 08:43:30.956 [info] <0.43.0> Application xmerl started on node nonode@nohost
2019-11-06 08:43:30.960 [info] <0.43.0> Application jsx started on node nonode@nohost
2019-11-06 08:43:30.971 [info] <0.43.0> Application ranch started on node nonode@nohost
2019-11-06 08:43:30.974 [info] <0.43.0> Application recon started on node nonode@nohost
2019-11-06 08:43:30.974 [info] <0.43.0> Application rabbit_common started on node nonode@nohost
2019-11-06 08:43:30.986 [info] <0.43.0> Application amqp_client started on node nonode@nohost
2019-11-06 08:43:30.992 [info] <0.43.0> Application amqp started on node nonode@nohost
2019-11-06 08:43:30.996 [info] <0.43.0> Application elixir_uuid started on node nonode@nohost
2019-11-06 08:43:31.000 [info] <0.43.0> Application protobuf started on node nonode@nohost
2019-11-06 08:43:31.006 [info] <0.43.0> Application google_protos started on node nonode@nohost
2019-11-06 08:43:31.009 [info] <0.43.0> Application railway_ipc started on node nonode@nohost
2019-11-06 08:43:31.011 [info] <0.43.0> Application phoenix_html started on node nonode@nohost
2019-11-06 08:43:31.016 [info] <0.43.0> Application cowlib started on node nonode@nohost
2019-11-06 08:43:31.025 [info] <0.43.0> Application cowboy started on node nonode@nohost
2019-11-06 08:43:31.028 [info] <0.43.0> Application plug_cowboy started on node nonode@nohost
2019-11-06 08:43:31.032 [info] <0.43.0> Application file_system started on node nonode@nohost
2019-11-06 08:43:31.049 [info] <0.43.0> Application phoenix_live_reload started on node nonode@nohost
2019-11-06 08:43:31.053 [info] <0.43.0> Application phoenix_ecto started on node nonode@nohost
2019-11-06 08:43:31.206 [info] <0.43.0> Application railway_ui started on node nonode@nohost
2019-11-06 08:43:36.326 [error] <0.649.0> CRASH REPORT Process <0.649.0> with 0 neighbours exited with reason: {{#{'__exception__' => true,'__struct__' => 'Elixir.UndefinedFunctionError',arity => 0,function => all,message => nil,module => 'Elixir.RailwayUi.ConsumedMessage',reason => nil},[{'Elixir.RailwayUi.ConsumedMessage',all,[],[]},{'Elixir.RailwayUiWeb.ConsumedMessageController',index,2,[{file,"lib/railway_ui_web/controllers/consumed_message_controller.ex"},{line,7}]},{'Elixir.RailwayUiWeb.ConsumedMessageController',action,2,[{file,"lib/railway_ui_web/controllers/consumed_message_controller.ex"},...]},...]},...} in 'Elixir.Phoenix.Endpoint.Cowboy2Handler':init/4 line 59 in 'Elixir.Phoenix.Endpoint.Cowboy2Handler':init/4 line 59
2019-11-06 08:43:36.340 [error] <0.649.0> Cowboy stream 1 with ranch listener 'Elixir.RailwayUiWeb.Endpoint.HTTP' and connection process <0.648.0> had its request process exit with reason: {{#{'__exception__' => true,'__struct__' => 'Elixir.UndefinedFunctionError',arity => 0,function => all,message => nil,module => 'Elixir.RailwayUi.ConsumedMessage',reason => nil},[{'Elixir.RailwayUi.ConsumedMessage',all,[],[]},{'Elixir.RailwayUiWeb.ConsumedMessageController',index,2,[{file,"lib/railway_ui_web/controllers/consumed_message_controller.ex"},{line,7}]},{'Elixir.RailwayUiWeb.ConsumedMessageController',action,2,[{file,"lib/railway_ui_web/controllers/consumed_message_controller.ex"},...]},...]},...} in 'Elixir.Phoenix.Endpoint.Cowboy2Handler':init/4 line 59
2019-11-06 08:43:40.275 [error] <0.664.0> CRASH REPORT Process <0.664.0> with 0 neighbours exited with reason: {{#{'__exception__' => true,'__struct__' => 'Elixir.UndefinedFunctionError',arity => 0,function => all,message => nil,module => 'Elixir.RailwayUi.ConsumedMessage',reason => nil},[{'Elixir.RailwayUi.ConsumedMessage',all,[],[]},{'Elixir.RailwayUiWeb.ConsumedMessageController',index,2,[{file,"lib/railway_ui_web/controllers/consumed_message_controller.ex"},{line,7}]},{'Elixir.RailwayUiWeb.ConsumedMessageController',action,2,[{file,"lib/railway_ui_web/controllers/consumed_message_controller.ex"},...]},...]},...} in 'Elixir.Phoenix.Endpoint.Cowboy2Handler':init/4 line 59 in 'Elixir.Phoenix.Endpoint.Cowboy2Handler':init/4 line 59
2019-11-06 08:43:40.275 [error] <0.664.0> Cowboy stream 3 with ranch listener 'Elixir.RailwayUiWeb.Endpoint.HTTP' and connection process <0.648.0> had its request process exit with reason: {{#{'__exception__' => true,'__struct__' => 'Elixir.UndefinedFunctionError',arity => 0,function => all,message => nil,module => 'Elixir.RailwayUi.ConsumedMessage',reason => nil},[{'Elixir.RailwayUi.ConsumedMessage',all,[],[]},{'Elixir.RailwayUiWeb.ConsumedMessageController',index,2,[{file,"lib/railway_ui_web/controllers/consumed_message_controller.ex"},{line,7}]},{'Elixir.RailwayUiWeb.ConsumedMessageController',action,2,[{file,"lib/railway_ui_web/controllers/consumed_message_controller.ex"},...]},...]},...} in 'Elixir.Phoenix.Endpoint.Cowboy2Handler':init/4 line 59
2019-11-06 08:43:56.124 [error] <0.674.0> CRASH REPORT Process <0.674.0> with 0 neighbours exited with reason: {{#{'__exception__' => true,'__struct__' => 'Elixir.UndefinedFunctionError',arity => 0,function => get_consumed_messages,message => nil,module => nil,reason => nil},[{nil,get_consumed_messages,[],[]},{'Elixir.RailwayUiWeb.ConsumedMessageController',index,2,[{file,"lib/railway_ui_web/controllers/consumed_message_controller.ex"},{line,7}]},{'Elixir.RailwayUiWeb.ConsumedMessageController',action,2,[{file,"lib/railway_ui_web/controllers/consumed_message_controller.ex"},{line,1}]},{'Elixir.RailwayUiWeb.ConsumedMessageController',...},...]},...} in 'Elixir.Phoenix.Endpoint.Cowboy2Handler':init/4 line 59 in 'Elixir.Phoenix.Endpoint.Cowboy2Handler':init/4 line 59
2019-11-06 08:43:56.124 [error] <0.674.0> Cowboy stream 1 with ranch listener 'Elixir.RailwayUiWeb.Endpoint.HTTP' and connection process <0.673.0> had its request process exit with reason: {{#{'__exception__' => true,'__struct__' => 'Elixir.UndefinedFunctionError',arity => 0,function => get_consumed_messages,message => nil,module => nil,reason => nil},[{nil,get_consumed_messages,[],[]},{'Elixir.RailwayUiWeb.ConsumedMessageController',index,2,[{file,"lib/railway_ui_web/controllers/consumed_message_controller.ex"},{line,7}]},{'Elixir.RailwayUiWeb.ConsumedMessageController',action,2,[{file,"lib/railway_ui_web/controllers/consumed_message_controller.ex"},{line,1}]},{'Elixir.RailwayUiWeb.ConsumedMessageController',...},...]},...} in 'Elixir.Phoenix.Endpoint.Cowboy2Handler':init/4 line 59
2019-11-06 08:45:39.304 [error] <0.753.0> CRASH REPORT Process <0.753.0> with 0 neighbours exited with reason: {{#{'__exception__' => true,'__struct__' => 'Elixir.UndefinedFunctionError',arity => 2,function => published_messages_path,message => nil,module => 'Elixir.RailwayUiWeb.Router.Helpers',reason => nil},[{'Elixir.RailwayUiWeb.Router.Helpers',published_messages_path,[#{'__struct__' => 'Elixir.Plug.Conn',adapter => {'Elixir.Plug.Cowboy.Conn',#{bindings => #{},body_length => 0,cert => undefined,has_body => false,headers => #{<<"accept">> => <<"text/html,application/xhtml+xml,application/xml;q=...">>,...},...}},...},...],...},...]},...} in 'Elixir.Phoenix.Endpoint.Cowboy2Handler':init/4 line 59 in 'Elixir.Phoenix.Endpoint.Cowboy2Handler':init/4 line 59
2019-11-06 08:45:39.304 [error] <0.753.0> Cowboy stream 1 with ranch listener 'Elixir.RailwayUiWeb.Endpoint.HTTP' and connection process <0.751.0> had its request process exit with reason: {{#{'__exception__' => true,'__struct__' => 'Elixir.UndefinedFunctionError',arity => 2,function => published_messages_path,message => nil,module => 'Elixir.RailwayUiWeb.Router.Helpers',reason => nil},[{'Elixir.RailwayUiWeb.Router.Helpers',published_messages_path,[#{'__struct__' => 'Elixir.Plug.Conn',adapter => {'Elixir.Plug.Cowboy.Conn',#{bindings => #{},body_length => 0,cert => undefined,has_body => false,headers => #{<<"accept">> => <<"text/html,application/xhtml+xml,application/xml;q=...">>,...},...}},...},...],...},...]},...} in 'Elixir.Phoenix.Endpoint.Cowboy2Handler':init/4 line 59
2019-11-06 08:51:50.431 [info] <0.43.0> Application lager started on node nonode@nohost
2019-11-06 08:51:50.444 [info] <0.43.0> Application xmerl started on node nonode@nohost
2019-11-06 08:51:50.450 [info] <0.43.0> Application jsx started on node nonode@nohost
2019-11-06 08:51:50.459 [info] <0.43.0> Application ranch started on node nonode@nohost
2019-11-06 08:51:50.462 [info] <0.43.0> Application recon started on node nonode@nohost
2019-11-06 08:51:50.462 [info] <0.43.0> Application rabbit_common started on node nonode@nohost
2019-11-06 08:51:50.472 [info] <0.43.0> Application amqp_client started on node nonode@nohost
2019-11-06 08:51:50.476 [info] <0.43.0> Application amqp started on node nonode@nohost
2019-11-06 08:51:50.481 [info] <0.43.0> Application elixir_uuid started on node nonode@nohost
2019-11-06 08:51:50.485 [info] <0.43.0> Application protobuf started on node nonode@nohost
2019-11-06 08:51:50.490 [info] <0.43.0> Application google_protos started on node nonode@nohost
2019-11-06 08:51:50.492 [info] <0.43.0> Application railway_ipc started on node nonode@nohost
2019-11-06 08:51:50.494 [info] <0.43.0> Application phoenix_html started on node nonode@nohost
2019-11-06 08:51:50.500 [info] <0.43.0> Application cowlib started on node nonode@nohost
2019-11-06 08:51:50.505 [info] <0.43.0> Application cowboy started on node nonode@nohost
2019-11-06 08:51:50.507 [info] <0.43.0> Application plug_cowboy started on node nonode@nohost
2019-11-06 08:51:50.512 [info] <0.43.0> Application file_system started on node nonode@nohost
2019-11-06 08:51:50.533 [info] <0.43.0> Application phoenix_live_reload started on node nonode@nohost
2019-11-06 08:51:50.537 [info] <0.43.0> Application phoenix_ecto started on node nonode@nohost
2019-11-06 08:51:50.778 [info] <0.43.0> Application railway_ui started on node nonode@nohost
2019-11-06 08:59:25.000 [error] <0.790.0> CRASH REPORT Process <0.790.0> with 0 neighbours exited with reason: {{#{'__exception__' => true,'__struct__' => 'Elixir.ArgumentError',message => <<"assign @messages not available in eex template.\n\nPlease make sure all proper assigns have been set. If this\nis a child template, ensure assigns are given explicitly by\nthe parent template as they are not automatically forwarded.\n\nAvailable assigns: [:conn, :view_module, :view_template]\n">>},[{'Elixir.Phoenix.HTML.Engine','fetch_assign!',2,[{file,"lib/phoenix_html/engine.ex"},{line,133}]},{'Elixir.RailwayUiWeb.PageView',...},...]},...} in 'Elixir.Phoenix.Endpoint.Cowboy2Handler':init/4 line 59 in 'Elixir.Phoenix.Endpoint.Cowboy2Handler':init/4 line 59
2019-11-06 08:59:25.010 [error] <0.790.0> Cowboy stream 1 with ranch listener 'Elixir.RailwayUiWeb.Endpoint.HTTP' and connection process <0.789.0> had its request process exit with reason: {{#{'__exception__' => true,'__struct__' => 'Elixir.ArgumentError',message => <<"assign @messages not available in eex template.\n\nPlease make sure all proper assigns have been set. If this\nis a child template, ensure assigns are given explicitly by\nthe parent template as they are not automatically forwarded.\n\nAvailable assigns: [:conn, :view_module, :view_template]\n">>},[{'Elixir.Phoenix.HTML.Engine','fetch_assign!',2,[{file,"lib/phoenix_html/engine.ex"},{line,133}]},{'Elixir.RailwayUiWeb.PageView',...},...]},...} in 'Elixir.Phoenix.Endpoint.Cowboy2Handler':init/4 line 59
2019-11-06 08:59:32.811 [error] <0.811.0> CRASH REPORT Process <0.811.0> with 0 neighbours exited with reason: {{#{'__exception__' => true,'__struct__' => 'Elixir.ArgumentError',message => <<"assign @messages not available in eex template.\n\nPlease make sure all proper assigns have been set. If this\nis a child template, ensure assigns are given explicitly by\nthe parent template as they are not automatically forwarded.\n\nAvailable assigns: [:conn, :view_module, :view_template]\n">>},[{'Elixir.Phoenix.HTML.Engine','fetch_assign!',2,[{file,"lib/phoenix_html/engine.ex"},{line,133}]},{'Elixir.RailwayUiWeb.PageView',...},...]},...} in 'Elixir.Phoenix.Endpoint.Cowboy2Handler':init/4 line 59 in 'Elixir.Phoenix.Endpoint.Cowboy2Handler':init/4 line 59
2019-11-06 08:59:32.812 [error] <0.811.0> Cowboy stream 1 with ranch listener 'Elixir.RailwayUiWeb.Endpoint.HTTP' and connection process <0.810.0> had its request process exit with reason: {{#{'__exception__' => true,'__struct__' => 'Elixir.ArgumentError',message => <<"assign @messages not available in eex template.\n\nPlease make sure all proper assigns have been set. If this\nis a child template, ensure assigns are given explicitly by\nthe parent template as they are not automatically forwarded.\n\nAvailable assigns: [:conn, :view_module, :view_template]\n">>},[{'Elixir.Phoenix.HTML.Engine','fetch_assign!',2,[{file,"lib/phoenix_html/engine.ex"},{line,133}]},{'Elixir.RailwayUiWeb.PageView',...},...]},...} in 'Elixir.Phoenix.Endpoint.Cowboy2Handler':init/4 line 59
2019-11-06 08:59:33.670 [error] <0.830.0> CRASH REPORT Process <0.830.0> with 0 neighbours exited with reason: {{#{'__exception__' => true,'__struct__' => 'Elixir.ArgumentError',message => <<"assign @messages not available in eex template.\n\nPlease make sure all proper assigns have been set. If this\nis a child template, ensure assigns are given explicitly by\nthe parent template as they are not automatically forwarded.\n\nAvailable assigns: [:conn, :view_module, :view_template]\n">>},[{'Elixir.Phoenix.HTML.Engine','fetch_assign!',2,[{file,"lib/phoenix_html/engine.ex"},{line,133}]},{'Elixir.RailwayUiWeb.PageView',...},...]},...} in 'Elixir.Phoenix.Endpoint.Cowboy2Handler':init/4 line 59 in 'Elixir.Phoenix.Endpoint.Cowboy2Handler':init/4 line 59
2019-11-06 08:59:33.672 [error] <0.830.0> Cowboy stream 3 with ranch listener 'Elixir.RailwayUiWeb.Endpoint.HTTP' and connection process <0.810.0> had its request process exit with reason: {{#{'__exception__' => true,'__struct__' => 'Elixir.ArgumentError',message => <<"assign @messages not available in eex template.\n\nPlease make sure all proper assigns have been set. If this\nis a child template, ensure assigns are given explicitly by\nthe parent template as they are not automatically forwarded.\n\nAvailable assigns: [:conn, :view_module, :view_template]\n">>},[{'Elixir.Phoenix.HTML.Engine','fetch_assign!',2,[{file,"lib/phoenix_html/engine.ex"},{line,133}]},{'Elixir.RailwayUiWeb.PageView',...},...]},...} in 'Elixir.Phoenix.Endpoint.Cowboy2Handler':init/4 line 59
