2019-12-02 00:01:45 =ERROR REPORT====
** Generic server <0.2329.0> terminating 
** Last message in was {timeout,#Ref<0.1802511476.968622081.53091>,idle_timeout}
** When Server state == {state,#Port<0.320>,#Ref<0.1802511476.968622081.53091>,<0.2325.0>,<0.2327.0>,{method,rabbit_framing_amqp_0_9_1},{expecting_header,<<>>}}
** Reason for termination ==
** {socket_error,timeout}
2019-12-02 00:01:45 =CRASH REPORT====
  crasher:
    initial call: amqp_main_reader:init/1
    pid: <0.2329.0>
    registered_name: []
    exception exit: {{socket_error,timeout},[{gen_server,handle_common_reply,8,[{file,"gen_server.erl"},{line,751}]},{proc_lib,init_p_do_apply,3,[{file,"proc_lib.erl"},{line,249}]}]}
    ancestors: [<0.2324.0>,<0.2323.0>,amqp_sup,<0.407.0>]
    message_queue_len: 0
    messages: []
    links: [<0.2324.0>,#Port<0.320>]
    dictionary: [{gen_server_call_timeout,60000},{process_name,{amqp_main_reader,<<"client 127.0.0.1:60053 -> 127.0.0.1:5672">>}}]
    trap_exit: false
    status: running
    heap_size: 1598
    stack_size: 27
    reductions: 3316
  neighbours:
2019-12-02 00:01:45 =ERROR REPORT====
** Generic server <0.2325.0> terminating 
** Last message in was {socket_error,timeout}
** When Server state == {state,amqp_network_connection,{state,#Port<0.320>,<<"client 127.0.0.1:60053 -> 127.0.0.1:5672">>,10,<0.2328.0>,131072,<0.2324.0>,undefined,false},<0.2327.0>,{amqp_params_network,<<"guest">>,<<"guest">>,<<"/">>,"localhost",5672,2047,0,10,60000,none,[#Fun<amqp_uri.11.12217282>,#Fun<amqp_uri.11.12217282>],[],[]},2047,[{<<"capabilities">>,table,[{<<"publisher_confirms">>,bool,true},{<<"exchange_exchange_bindings">>,bool,true},{<<"basic.nack">>,bool,true},{<<"consumer_cancel_notify">>,bool,true},{<<"connection.blocked">>,bool,true},{<<"consumer_priorities">>,bool,true},{<<"authentication_failure_close">>,bool,true},{<<"per_consumer_qos">>,bool,true},{<<"direct_reply_to">>,bool,true}]},{<<"cluster_name">>,longstr,<<"rabbit@8ab9c67f7ec8">>},{<<"copyright">>,longstr,<<"Copyright (C) 2007-2018 Pivotal Software, Inc.">>},{<<"information">>,longstr,<<"Licensed under the MPL.  See http://www.rabbitmq.com/">>},{<<"platform">>,longstr,<<"Erlang/OTP 19.2.1">>},{<<"product">>,longstr,<<"RabbitMQ">>},{<<"version">>,longstr,<<"3.6.16">>}],none,false}
** Reason for termination ==
** {socket_error,timeout}
2019-12-02 00:01:45 =SUPERVISOR REPORT====
     Supervisor: {<0.2324.0>,amqp_connection_type_sup}
     Context:    child_terminated
     Reason:     {socket_error,timeout}
     Offender:   [{pid,<0.2329.0>},{name,main_reader},{mfargs,{amqp_main_reader,start_link,[#Port<0.320>,<0.2325.0>,<0.2327.0>,{method,rabbit_framing_amqp_0_9_1},<<"client 127.0.0.1:60053 -> 127.0.0.1:5672">>]}},{restart_type,transient},{shutdown,30000},{child_type,worker}]

2019-12-02 00:01:45 =SUPERVISOR REPORT====
     Supervisor: {<0.2324.0>,amqp_connection_type_sup}
     Context:    shutdown
     Reason:     reached_max_restart_intensity
     Offender:   [{pid,<0.2329.0>},{name,main_reader},{mfargs,{amqp_main_reader,start_link,[#Port<0.320>,<0.2325.0>,<0.2327.0>,{method,rabbit_framing_amqp_0_9_1},<<"client 127.0.0.1:60053 -> 127.0.0.1:5672">>]}},{restart_type,transient},{shutdown,30000},{child_type,worker}]

2019-12-02 00:01:45 =CRASH REPORT====
  crasher:
    initial call: amqp_gen_connection:init/1
    pid: <0.2325.0>
    registered_name: []
    exception exit: {{socket_error,timeout},[{gen_server,handle_common_reply,8,[{file,"gen_server.erl"},{line,751}]},{proc_lib,init_p_do_apply,3,[{file,"proc_lib.erl"},{line,249}]}]}
    ancestors: [<0.2323.0>,amqp_sup,<0.407.0>]
    message_queue_len: 0
    messages: []
    links: [<0.2323.0>]
    dictionary: [{gen_server_call_timeout,60000},{process_name,{amqp_gen_connection,<<"client 127.0.0.1:60053 -> 127.0.0.1:5672">>}}]
    trap_exit: true
    status: running
    heap_size: 2586
    stack_size: 27
    reductions: 13717
  neighbours:
2019-12-02 00:01:45 =SUPERVISOR REPORT====
     Supervisor: {<0.2323.0>,amqp_connection_sup}
     Context:    child_terminated
     Reason:     {socket_error,timeout}
     Offender:   [{pid,<0.2325.0>},{name,connection},{mfargs,{amqp_gen_connection,start_link,[<0.2324.0>,{amqp_params_network,<<"guest">>,<<"guest">>,<<"/">>,"localhost",5672,2047,0,10,60000,none,[#Fun<amqp_uri.11.12217282>,#Fun<amqp_uri.11.12217282>],[],[]}]}},{restart_type,intrinsic},{shutdown,brutal_kill},{child_type,worker}]

2019-12-02 00:01:45 =SUPERVISOR REPORT====
     Supervisor: {<0.2323.0>,amqp_connection_sup}
     Context:    shutdown
     Reason:     reached_max_restart_intensity
     Offender:   [{pid,<0.2325.0>},{name,connection},{mfargs,{amqp_gen_connection,start_link,[<0.2324.0>,{amqp_params_network,<<"guest">>,<<"guest">>,<<"/">>,"localhost",5672,2047,0,10,60000,none,[#Fun<amqp_uri.11.12217282>,#Fun<amqp_uri.11.12217282>],[],[]}]}},{restart_type,intrinsic},{shutdown,brutal_kill},{child_type,worker}]

2019-12-02 00:01:45 =ERROR REPORT====
** Generic server 'Elixir.RailwayIpc.Connection' terminating 
** Last message in was {'DOWN',#Ref<0.1802511476.968622081.52925>,process,<0.2325.0>,{socket_error,timeout}}
** When Server state == #{'__struct__' => 'Elixir.RailwayIpc.Connection',connection => #{'__struct__' => 'Elixir.AMQP.Connection',pid => <0.2325.0>},consumer_channels => #{'Elixir.RailwayIpc.Ipc.RepublishedMessagesConsumer' => #{'__struct__' => 'Elixir.AMQP.Channel',conn => #{'__struct__' => 'Elixir.AMQP.Connection',pid => <0.2325.0>},pid => <0.2338.0>}},publisher_channel => #{'__struct__' => 'Elixir.AMQP.Channel',conn => #{'__struct__' => 'Elixir.AMQP.Connection',pid => <0.2325.0>},pid => <0.2334.0>}}
** Reason for termination ==
** {{noproc,{gen_server,call,[<0.2325.0>,{command,{close,{'connection.close',200,<<"Goodbye">>,0,0},60000}},60000]}},[{gen_server,call,3,[{file,"gen_server.erl"},{line,223}]},{'Elixir.AMQP.Connection',close,1,[{file,"lib/amqp/connection.ex"},{line,117}]},{'Elixir.RailwayIpc.Connection',terminate,2,[{file,"lib/railway_ipc/connection.ex"},{line,79}]},{gen_server,try_terminate,3,[{file,"gen_server.erl"},{line,673}]},{gen_server,terminate,10,[{file,"gen_server.erl"},{line,858}]},{proc_lib,init_p_do_apply,3,[{file,"proc_lib.erl"},{line,249}]}]}
2019-12-02 00:01:45 =CRASH REPORT====
  crasher:
    initial call: Elixir.RailwayIpc.Connection:init/1
    pid: <0.2320.0>
    registered_name: 'Elixir.RailwayIpc.Connection'
    exception exit: {{noproc,{gen_server,call,[<0.2325.0>,{command,{close,{'connection.close',200,<<"Goodbye">>,0,0},60000}},60000]}},[{gen_server,call,3,[{file,"gen_server.erl"},{line,223}]},{'Elixir.AMQP.Connection',close,1,[{file,"lib/amqp/connection.ex"},{line,117}]},{'Elixir.RailwayIpc.Connection',terminate,2,[{file,"lib/railway_ipc/connection.ex"},{line,79}]},{gen_server,try_terminate,3,[{file,"gen_server.erl"},{line,673}]},{gen_server,terminate,10,[{file,"gen_server.erl"},{line,858}]},{proc_lib,init_p_do_apply,3,[{file,"proc_lib.erl"},{line,249}]}]}
    ancestors: ['Elixir.RailwayIpc.Connection.Supervisor','Elixir.RailwayIpc.Supervisor',<0.422.0>]
    message_queue_len: 0
    messages: []
    links: [<0.424.0>]
    dictionary: [{gen_server_call_timeout,60000}]
    trap_exit: false
    status: running
    heap_size: 4185
    stack_size: 27
    reductions: 9430
  neighbours:
2019-12-02 00:01:45 =SUPERVISOR REPORT====
     Supervisor: {local,'Elixir.RailwayIpc.Connection.Supervisor'}
     Context:    child_terminated
     Reason:     {noproc,{gen_server,call,[<0.2325.0>,{command,{close,{'connection.close',200,<<"Goodbye">>,0,0},60000}},60000]}}
     Offender:   [{pid,<0.2320.0>},{id,'Elixir.RailwayIpc.Connection'},{mfargs,{'Elixir.RailwayIpc.Connection',start_link,[[{name,'Elixir.RailwayIpc.Connection'}]]}},{restart_type,permanent},{shutdown,5000},{child_type,worker}]

2019-12-02 00:55:51 =ERROR REPORT====
** Generic server <0.2350.0> terminating 
** Last message in was {timeout,#Ref<0.1802511476.968622081.59931>,idle_timeout}
** When Server state == {state,#Port<0.321>,#Ref<0.1802511476.968622081.59931>,<0.2346.0>,<0.2348.0>,{method,rabbit_framing_amqp_0_9_1},{expecting_header,<<>>}}
** Reason for termination ==
** {socket_error,timeout}
2019-12-02 00:55:51 =CRASH REPORT====
  crasher:
    initial call: amqp_main_reader:init/1
    pid: <0.2350.0>
    registered_name: []
    exception exit: {{socket_error,timeout},[{gen_server,handle_common_reply,8,[{file,"gen_server.erl"},{line,751}]},{proc_lib,init_p_do_apply,3,[{file,"proc_lib.erl"},{line,249}]}]}
    ancestors: [<0.2345.0>,<0.2344.0>,amqp_sup,<0.407.0>]
    message_queue_len: 0
    messages: []
    links: [<0.2345.0>,#Port<0.321>]
    dictionary: [{gen_server_call_timeout,60000},{process_name,{amqp_main_reader,<<"client 127.0.0.1:60100 -> 127.0.0.1:5672">>}}]
    trap_exit: false
    status: running
    heap_size: 1598
    stack_size: 27
    reductions: 3330
  neighbours:
2019-12-02 00:55:51 =ERROR REPORT====
** Generic server <0.2346.0> terminating 
** Last message in was {socket_error,timeout}
** When Server state == {state,amqp_network_connection,{state,#Port<0.321>,<<"client 127.0.0.1:60100 -> 127.0.0.1:5672">>,10,<0.2349.0>,131072,<0.2345.0>,undefined,false},<0.2348.0>,{amqp_params_network,<<"guest">>,<<"guest">>,<<"/">>,"localhost",5672,2047,0,10,60000,none,[#Fun<amqp_uri.11.12217282>,#Fun<amqp_uri.11.12217282>],[],[]},2047,[{<<"capabilities">>,table,[{<<"publisher_confirms">>,bool,true},{<<"exchange_exchange_bindings">>,bool,true},{<<"basic.nack">>,bool,true},{<<"consumer_cancel_notify">>,bool,true},{<<"connection.blocked">>,bool,true},{<<"consumer_priorities">>,bool,true},{<<"authentication_failure_close">>,bool,true},{<<"per_consumer_qos">>,bool,true},{<<"direct_reply_to">>,bool,true}]},{<<"cluster_name">>,longstr,<<"rabbit@8ab9c67f7ec8">>},{<<"copyright">>,longstr,<<"Copyright (C) 2007-2018 Pivotal Software, Inc.">>},{<<"information">>,longstr,<<"Licensed under the MPL.  See http://www.rabbitmq.com/">>},{<<"platform">>,longstr,<<"Erlang/OTP 19.2.1">>},{<<"product">>,longstr,<<"RabbitMQ">>},{<<"version">>,longstr,<<"3.6.16">>}],none,false}
** Reason for termination ==
** {socket_error,timeout}
2019-12-02 00:55:51 =SUPERVISOR REPORT====
     Supervisor: {<0.2345.0>,amqp_connection_type_sup}
     Context:    child_terminated
     Reason:     {socket_error,timeout}
     Offender:   [{pid,<0.2350.0>},{name,main_reader},{mfargs,{amqp_main_reader,start_link,[#Port<0.321>,<0.2346.0>,<0.2348.0>,{method,rabbit_framing_amqp_0_9_1},<<"client 127.0.0.1:60100 -> 127.0.0.1:5672">>]}},{restart_type,transient},{shutdown,30000},{child_type,worker}]

2019-12-02 00:55:51 =SUPERVISOR REPORT====
     Supervisor: {<0.2345.0>,amqp_connection_type_sup}
     Context:    shutdown
     Reason:     reached_max_restart_intensity
     Offender:   [{pid,<0.2350.0>},{name,main_reader},{mfargs,{amqp_main_reader,start_link,[#Port<0.321>,<0.2346.0>,<0.2348.0>,{method,rabbit_framing_amqp_0_9_1},<<"client 127.0.0.1:60100 -> 127.0.0.1:5672">>]}},{restart_type,transient},{shutdown,30000},{child_type,worker}]

2019-12-02 00:55:51 =CRASH REPORT====
  crasher:
    initial call: amqp_gen_connection:init/1
    pid: <0.2346.0>
    registered_name: []
    exception exit: {{socket_error,timeout},[{gen_server,handle_common_reply,8,[{file,"gen_server.erl"},{line,751}]},{proc_lib,init_p_do_apply,3,[{file,"proc_lib.erl"},{line,249}]}]}
    ancestors: [<0.2344.0>,amqp_sup,<0.407.0>]
    message_queue_len: 0
    messages: []
    links: [<0.2344.0>]
    dictionary: [{gen_server_call_timeout,60000},{process_name,{amqp_gen_connection,<<"client 127.0.0.1:60100 -> 127.0.0.1:5672">>}}]
    trap_exit: true
    status: running
    heap_size: 2586
    stack_size: 27
    reductions: 13717
  neighbours:
2019-12-02 00:55:51 =ERROR REPORT====
** Generic server 'Elixir.RailwayIpc.Connection' terminating 
** Last message in was {'DOWN',#Ref<0.1802511476.968622081.59675>,process,<0.2359.0>,shutdown}
** When Server state == #{'__struct__' => 'Elixir.RailwayIpc.Connection',connection => #{'__struct__' => 'Elixir.AMQP.Connection',pid => <0.2346.0>},consumer_channels => #{'Elixir.RailwayIpc.Ipc.RepublishedMessagesConsumer' => #{'__struct__' => 'Elixir.AMQP.Channel',conn => #{'__struct__' => 'Elixir.AMQP.Connection',pid => <0.2346.0>},pid => <0.2359.0>}},publisher_channel => #{'__struct__' => 'Elixir.AMQP.Channel',conn => #{'__struct__' => 'Elixir.AMQP.Connection',pid => <0.2346.0>},pid => <0.2355.0>}}
** Reason for termination ==
** {{noproc,{gen_server,call,[<0.2346.0>,{command,{close,{'connection.close',200,<<"Goodbye">>,0,0},60000}},60000]}},[{gen_server,call,3,[{file,"gen_server.erl"},{line,223}]},{'Elixir.AMQP.Connection',close,1,[{file,"lib/amqp/connection.ex"},{line,117}]},{'Elixir.RailwayIpc.Connection',terminate,2,[{file,"lib/railway_ipc/connection.ex"},{line,79}]},{gen_server,try_terminate,3,[{file,"gen_server.erl"},{line,673}]},{gen_server,terminate,10,[{file,"gen_server.erl"},{line,858}]},{proc_lib,init_p_do_apply,3,[{file,"proc_lib.erl"},{line,249}]}]}
2019-12-02 00:55:51 =CRASH REPORT====
  crasher:
    initial call: Elixir.RailwayIpc.Connection:init/1
    pid: <0.2341.0>
    registered_name: 'Elixir.RailwayIpc.Connection'
    exception exit: {{noproc,{gen_server,call,[<0.2346.0>,{command,{close,{'connection.close',200,<<"Goodbye">>,0,0},60000}},60000]}},[{gen_server,call,3,[{file,"gen_server.erl"},{line,223}]},{'Elixir.AMQP.Connection',close,1,[{file,"lib/amqp/connection.ex"},{line,117}]},{'Elixir.RailwayIpc.Connection',terminate,2,[{file,"lib/railway_ipc/connection.ex"},{line,79}]},{gen_server,try_terminate,3,[{file,"gen_server.erl"},{line,673}]},{gen_server,terminate,10,[{file,"gen_server.erl"},{line,858}]},{proc_lib,init_p_do_apply,3,[{file,"proc_lib.erl"},{line,249}]}]}
    ancestors: ['Elixir.RailwayIpc.Connection.Supervisor','Elixir.RailwayIpc.Supervisor',<0.422.0>]
    message_queue_len: 1
    messages: [{'DOWN',#Ref<0.1802511476.968622081.59646>,process,<0.2355.0>,shutdown}]
    links: [<0.424.0>]
    dictionary: [{gen_server_call_timeout,60000}]
    trap_exit: false
    status: running
    heap_size: 4185
    stack_size: 27
    reductions: 9284
  neighbours:
2019-12-02 00:55:51 =SUPERVISOR REPORT====
     Supervisor: {<0.2344.0>,amqp_connection_sup}
     Context:    child_terminated
     Reason:     {socket_error,timeout}
     Offender:   [{pid,<0.2346.0>},{name,connection},{mfargs,{amqp_gen_connection,start_link,[<0.2345.0>,{amqp_params_network,<<"guest">>,<<"guest">>,<<"/">>,"localhost",5672,2047,0,10,60000,none,[#Fun<amqp_uri.11.12217282>,#Fun<amqp_uri.11.12217282>],[],[]}]}},{restart_type,intrinsic},{shutdown,brutal_kill},{child_type,worker}]

2019-12-02 00:55:51 =SUPERVISOR REPORT====
     Supervisor: {<0.2344.0>,amqp_connection_sup}
     Context:    shutdown
     Reason:     reached_max_restart_intensity
     Offender:   [{pid,<0.2346.0>},{name,connection},{mfargs,{amqp_gen_connection,start_link,[<0.2345.0>,{amqp_params_network,<<"guest">>,<<"guest">>,<<"/">>,"localhost",5672,2047,0,10,60000,none,[#Fun<amqp_uri.11.12217282>,#Fun<amqp_uri.11.12217282>],[],[]}]}},{restart_type,intrinsic},{shutdown,brutal_kill},{child_type,worker}]

2019-12-02 00:55:51 =SUPERVISOR REPORT====
     Supervisor: {local,'Elixir.RailwayIpc.Connection.Supervisor'}
     Context:    child_terminated
     Reason:     {noproc,{gen_server,call,[<0.2346.0>,{command,{close,{'connection.close',200,<<"Goodbye">>,0,0},60000}},60000]}}
     Offender:   [{pid,<0.2341.0>},{id,'Elixir.RailwayIpc.Connection'},{mfargs,{'Elixir.RailwayIpc.Connection',start_link,[[{name,'Elixir.RailwayIpc.Connection'}]]}},{restart_type,permanent},{shutdown,5000},{child_type,worker}]

2019-12-02 01:49:57 =ERROR REPORT====
** Generic server <0.2378.0> terminating 
** Last message in was {timeout,#Ref<0.1802511476.968622081.63520>,idle_timeout}
** When Server state == {state,#Port<0.322>,#Ref<0.1802511476.968622081.63520>,<0.2373.0>,<0.2376.0>,{method,rabbit_framing_amqp_0_9_1},{expecting_header,<<>>}}
** Reason for termination ==
** {socket_error,timeout}
2019-12-02 01:49:57 =CRASH REPORT====
  crasher:
    initial call: amqp_main_reader:init/1
    pid: <0.2378.0>
    registered_name: []
    exception exit: {{socket_error,timeout},[{gen_server,handle_common_reply,8,[{file,"gen_server.erl"},{line,751}]},{proc_lib,init_p_do_apply,3,[{file,"proc_lib.erl"},{line,249}]}]}
    ancestors: [<0.2372.0>,<0.2371.0>,amqp_sup,<0.407.0>]
    message_queue_len: 0
    messages: []
    links: [<0.2372.0>,#Port<0.322>]
    dictionary: [{gen_server_call_timeout,60000},{process_name,{amqp_main_reader,<<"client 127.0.0.1:60142 -> 127.0.0.1:5672">>}}]
    trap_exit: false
    status: running
    heap_size: 1598
    stack_size: 27
    reductions: 3316
  neighbours:
2019-12-02 01:49:57 =ERROR REPORT====
** Generic server <0.2373.0> terminating 
** Last message in was {socket_error,timeout}
** When Server state == {state,amqp_network_connection,{state,#Port<0.322>,<<"client 127.0.0.1:60142 -> 127.0.0.1:5672">>,10,<0.2377.0>,131072,<0.2372.0>,undefined,false},<0.2376.0>,{amqp_params_network,<<"guest">>,<<"guest">>,<<"/">>,"localhost",5672,2047,0,10,60000,none,[#Fun<amqp_uri.11.12217282>,#Fun<amqp_uri.11.12217282>],[],[]},2047,[{<<"capabilities">>,table,[{<<"publisher_confirms">>,bool,true},{<<"exchange_exchange_bindings">>,bool,true},{<<"basic.nack">>,bool,true},{<<"consumer_cancel_notify">>,bool,true},{<<"connection.blocked">>,bool,true},{<<"consumer_priorities">>,bool,true},{<<"authentication_failure_close">>,bool,true},{<<"per_consumer_qos">>,bool,true},{<<"direct_reply_to">>,bool,true}]},{<<"cluster_name">>,longstr,<<"rabbit@8ab9c67f7ec8">>},{<<"copyright">>,longstr,<<"Copyright (C) 2007-2018 Pivotal Software, Inc.">>},{<<"information">>,longstr,<<"Licensed under the MPL.  See http://www.rabbitmq.com/">>},{<<"platform">>,longstr,<<"Erlang/OTP 19.2.1">>},{<<"product">>,longstr,<<"RabbitMQ">>},{<<"version">>,longstr,<<"3.6.16">>}],none,false}
** Reason for termination ==
** {socket_error,timeout}
2019-12-02 01:49:57 =SUPERVISOR REPORT====
     Supervisor: {<0.2372.0>,amqp_connection_type_sup}
     Context:    child_terminated
     Reason:     {socket_error,timeout}
     Offender:   [{pid,<0.2378.0>},{name,main_reader},{mfargs,{amqp_main_reader,start_link,[#Port<0.322>,<0.2373.0>,<0.2376.0>,{method,rabbit_framing_amqp_0_9_1},<<"client 127.0.0.1:60142 -> 127.0.0.1:5672">>]}},{restart_type,transient},{shutdown,30000},{child_type,worker}]

2019-12-02 01:49:57 =SUPERVISOR REPORT====
     Supervisor: {<0.2372.0>,amqp_connection_type_sup}
     Context:    shutdown
     Reason:     reached_max_restart_intensity
     Offender:   [{pid,<0.2378.0>},{name,main_reader},{mfargs,{amqp_main_reader,start_link,[#Port<0.322>,<0.2373.0>,<0.2376.0>,{method,rabbit_framing_amqp_0_9_1},<<"client 127.0.0.1:60142 -> 127.0.0.1:5672">>]}},{restart_type,transient},{shutdown,30000},{child_type,worker}]

2019-12-02 01:49:57 =CRASH REPORT====
  crasher:
    initial call: amqp_gen_connection:init/1
    pid: <0.2373.0>
    registered_name: []
    exception exit: {{socket_error,timeout},[{gen_server,handle_common_reply,8,[{file,"gen_server.erl"},{line,751}]},{proc_lib,init_p_do_apply,3,[{file,"proc_lib.erl"},{line,249}]}]}
    ancestors: [<0.2371.0>,amqp_sup,<0.407.0>]
    message_queue_len: 0
    messages: []
    links: [<0.2371.0>]
    dictionary: [{gen_server_call_timeout,60000},{process_name,{amqp_gen_connection,<<"client 127.0.0.1:60142 -> 127.0.0.1:5672">>}}]
    trap_exit: true
    status: running
    heap_size: 2586
    stack_size: 27
    reductions: 13717
  neighbours:
2019-12-02 01:49:57 =ERROR REPORT====
** Generic server 'Elixir.RailwayIpc.Connection' terminating 
** Last message in was {'DOWN',#Ref<0.1802511476.968622081.63299>,process,<0.2373.0>,{socket_error,timeout}}
** When Server state == #{'__struct__' => 'Elixir.RailwayIpc.Connection',connection => #{'__struct__' => 'Elixir.AMQP.Connection',pid => <0.2373.0>},consumer_channels => #{'Elixir.RailwayIpc.Ipc.RepublishedMessagesConsumer' => #{'__struct__' => 'Elixir.AMQP.Channel',conn => #{'__struct__' => 'Elixir.AMQP.Connection',pid => <0.2373.0>},pid => <0.2387.0>}},publisher_channel => #{'__struct__' => 'Elixir.AMQP.Channel',conn => #{'__struct__' => 'Elixir.AMQP.Connection',pid => <0.2373.0>},pid => <0.2383.0>}}
** Reason for termination ==
** {{noproc,{gen_server,call,[<0.2373.0>,{command,{close,{'connection.close',200,<<"Goodbye">>,0,0},60000}},60000]}},[{gen_server,call,3,[{file,"gen_server.erl"},{line,223}]},{'Elixir.AMQP.Connection',close,1,[{file,"lib/amqp/connection.ex"},{line,117}]},{'Elixir.RailwayIpc.Connection',terminate,2,[{file,"lib/railway_ipc/connection.ex"},{line,79}]},{gen_server,try_terminate,3,[{file,"gen_server.erl"},{line,673}]},{gen_server,terminate,10,[{file,"gen_server.erl"},{line,858}]},{proc_lib,init_p_do_apply,3,[{file,"proc_lib.erl"},{line,249}]}]}
2019-12-02 01:49:57 =CRASH REPORT====
  crasher:
    initial call: Elixir.RailwayIpc.Connection:init/1
    pid: <0.2368.0>
    registered_name: 'Elixir.RailwayIpc.Connection'
    exception exit: {{noproc,{gen_server,call,[<0.2373.0>,{command,{close,{'connection.close',200,<<"Goodbye">>,0,0},60000}},60000]}},[{gen_server,call,3,[{file,"gen_server.erl"},{line,223}]},{'Elixir.AMQP.Connection',close,1,[{file,"lib/amqp/connection.ex"},{line,117}]},{'Elixir.RailwayIpc.Connection',terminate,2,[{file,"lib/railway_ipc/connection.ex"},{line,79}]},{gen_server,try_terminate,3,[{file,"gen_server.erl"},{line,673}]},{gen_server,terminate,10,[{file,"gen_server.erl"},{line,858}]},{proc_lib,init_p_do_apply,3,[{file,"proc_lib.erl"},{line,249}]}]}
    ancestors: ['Elixir.RailwayIpc.Connection.Supervisor','Elixir.RailwayIpc.Supervisor',<0.422.0>]
    message_queue_len: 0
    messages: []
    links: [<0.424.0>]
    dictionary: [{gen_server_call_timeout,60000}]
    trap_exit: false
    status: running
    heap_size: 4185
    stack_size: 27
    reductions: 9430
  neighbours:
2019-12-02 01:49:57 =SUPERVISOR REPORT====
     Supervisor: {<0.2371.0>,amqp_connection_sup}
     Context:    child_terminated
     Reason:     {socket_error,timeout}
     Offender:   [{pid,<0.2373.0>},{name,connection},{mfargs,{amqp_gen_connection,start_link,[<0.2372.0>,{amqp_params_network,<<"guest">>,<<"guest">>,<<"/">>,"localhost",5672,2047,0,10,60000,none,[#Fun<amqp_uri.11.12217282>,#Fun<amqp_uri.11.12217282>],[],[]}]}},{restart_type,intrinsic},{shutdown,brutal_kill},{child_type,worker}]

2019-12-02 01:49:57 =SUPERVISOR REPORT====
     Supervisor: {<0.2371.0>,amqp_connection_sup}
     Context:    shutdown
     Reason:     reached_max_restart_intensity
     Offender:   [{pid,<0.2373.0>},{name,connection},{mfargs,{amqp_gen_connection,start_link,[<0.2372.0>,{amqp_params_network,<<"guest">>,<<"guest">>,<<"/">>,"localhost",5672,2047,0,10,60000,none,[#Fun<amqp_uri.11.12217282>,#Fun<amqp_uri.11.12217282>],[],[]}]}},{restart_type,intrinsic},{shutdown,brutal_kill},{child_type,worker}]

2019-12-02 01:49:57 =SUPERVISOR REPORT====
     Supervisor: {<0.2371.0>,amqp_connection_sup}
     Context:    shutdown_error
     Reason:     shutdown
     Offender:   [{pid,<0.2372.0>},{name,connection_type_sup},{mfargs,{amqp_connection_type_sup,start_link,[]}},{restart_type,transient},{shutdown,infinity},{child_type,supervisor}]

2019-12-02 01:49:57 =SUPERVISOR REPORT====
     Supervisor: {local,'Elixir.RailwayIpc.Connection.Supervisor'}
     Context:    child_terminated
     Reason:     {noproc,{gen_server,call,[<0.2373.0>,{command,{close,{'connection.close',200,<<"Goodbye">>,0,0},60000}},60000]}}
     Offender:   [{pid,<0.2368.0>},{id,'Elixir.RailwayIpc.Connection'},{mfargs,{'Elixir.RailwayIpc.Connection',start_link,[[{name,'Elixir.RailwayIpc.Connection'}]]}},{restart_type,permanent},{shutdown,5000},{child_type,worker}]

2019-12-02 02:31:06 =ERROR REPORT====
** Generic server <0.2400.0> terminating 
** Last message in was {timeout,#Ref<0.1802511476.968622083.26501>,idle_timeout}
** When Server state == {state,#Port<0.323>,#Ref<0.1802511476.968622083.26501>,<0.2395.0>,<0.2398.0>,{method,rabbit_framing_amqp_0_9_1},{expecting_header,<<>>}}
** Reason for termination ==
** {socket_error,timeout}
2019-12-02 02:31:06 =CRASH REPORT====
  crasher:
    initial call: amqp_main_reader:init/1
    pid: <0.2400.0>
    registered_name: []
    exception exit: {{socket_error,timeout},[{gen_server,handle_common_reply,8,[{file,"gen_server.erl"},{line,751}]},{proc_lib,init_p_do_apply,3,[{file,"proc_lib.erl"},{line,249}]}]}
    ancestors: [<0.2394.0>,<0.2393.0>,amqp_sup,<0.407.0>]
    message_queue_len: 0
    messages: []
    links: [<0.2394.0>,#Port<0.323>]
    dictionary: [{gen_server_call_timeout,60000},{process_name,{amqp_main_reader,<<"client 127.0.0.1:60193 -> 127.0.0.1:5672">>}}]
    trap_exit: false
    status: running
    heap_size: 1598
    stack_size: 27
    reductions: 3316
  neighbours:
2019-12-02 02:31:06 =ERROR REPORT====
** Generic server <0.2395.0> terminating 
** Last message in was {socket_error,timeout}
** When Server state == {state,amqp_network_connection,{state,#Port<0.323>,<<"client 127.0.0.1:60193 -> 127.0.0.1:5672">>,10,<0.2399.0>,131072,<0.2394.0>,undefined,false},<0.2398.0>,{amqp_params_network,<<"guest">>,<<"guest">>,<<"/">>,"localhost",5672,2047,0,10,60000,none,[#Fun<amqp_uri.11.12217282>,#Fun<amqp_uri.11.12217282>],[],[]},2047,[{<<"capabilities">>,table,[{<<"publisher_confirms">>,bool,true},{<<"exchange_exchange_bindings">>,bool,true},{<<"basic.nack">>,bool,true},{<<"consumer_cancel_notify">>,bool,true},{<<"connection.blocked">>,bool,true},{<<"consumer_priorities">>,bool,true},{<<"authentication_failure_close">>,bool,true},{<<"per_consumer_qos">>,bool,true},{<<"direct_reply_to">>,bool,true}]},{<<"cluster_name">>,longstr,<<"rabbit@8ab9c67f7ec8">>},{<<"copyright">>,longstr,<<"Copyright (C) 2007-2018 Pivotal Software, Inc.">>},{<<"information">>,longstr,<<"Licensed under the MPL.  See http://www.rabbitmq.com/">>},{<<"platform">>,longstr,<<"Erlang/OTP 19.2.1">>},{<<"product">>,longstr,<<"RabbitMQ">>},{<<"version">>,longstr,<<"3.6.16">>}],none,false}
** Reason for termination ==
** {socket_error,timeout}
2019-12-02 02:31:06 =SUPERVISOR REPORT====
     Supervisor: {<0.2394.0>,amqp_connection_type_sup}
     Context:    child_terminated
     Reason:     {socket_error,timeout}
     Offender:   [{pid,<0.2400.0>},{name,main_reader},{mfargs,{amqp_main_reader,start_link,[#Port<0.323>,<0.2395.0>,<0.2398.0>,{method,rabbit_framing_amqp_0_9_1},<<"client 127.0.0.1:60193 -> 127.0.0.1:5672">>]}},{restart_type,transient},{shutdown,30000},{child_type,worker}]

2019-12-02 02:31:06 =SUPERVISOR REPORT====
     Supervisor: {<0.2394.0>,amqp_connection_type_sup}
     Context:    shutdown
     Reason:     reached_max_restart_intensity
     Offender:   [{pid,<0.2400.0>},{name,main_reader},{mfargs,{amqp_main_reader,start_link,[#Port<0.323>,<0.2395.0>,<0.2398.0>,{method,rabbit_framing_amqp_0_9_1},<<"client 127.0.0.1:60193 -> 127.0.0.1:5672">>]}},{restart_type,transient},{shutdown,30000},{child_type,worker}]

2019-12-02 02:31:06 =CRASH REPORT====
  crasher:
    initial call: amqp_gen_connection:init/1
    pid: <0.2395.0>
    registered_name: []
    exception exit: {{socket_error,timeout},[{gen_server,handle_common_reply,8,[{file,"gen_server.erl"},{line,751}]},{proc_lib,init_p_do_apply,3,[{file,"proc_lib.erl"},{line,249}]}]}
    ancestors: [<0.2393.0>,amqp_sup,<0.407.0>]
    message_queue_len: 0
    messages: []
    links: [<0.2393.0>]
    dictionary: [{gen_server_call_timeout,60000},{process_name,{amqp_gen_connection,<<"client 127.0.0.1:60193 -> 127.0.0.1:5672">>}}]
    trap_exit: true
    status: running
    heap_size: 2586
    stack_size: 27
    reductions: 13717
  neighbours:
2019-12-02 02:31:06 =ERROR REPORT====
** Generic server 'Elixir.RailwayIpc.Connection' terminating 
** Last message in was {'DOWN',#Ref<0.1802511476.968622083.26248>,process,<0.2409.0>,shutdown}
** When Server state == #{'__struct__' => 'Elixir.RailwayIpc.Connection',connection => #{'__struct__' => 'Elixir.AMQP.Connection',pid => <0.2395.0>},consumer_channels => #{'Elixir.RailwayIpc.Ipc.RepublishedMessagesConsumer' => #{'__struct__' => 'Elixir.AMQP.Channel',conn => #{'__struct__' => 'Elixir.AMQP.Connection',pid => <0.2395.0>},pid => <0.2409.0>}},publisher_channel => #{'__struct__' => 'Elixir.AMQP.Channel',conn => #{'__struct__' => 'Elixir.AMQP.Connection',pid => <0.2395.0>},pid => <0.2405.0>}}
** Reason for termination ==
** {{noproc,{gen_server,call,[<0.2395.0>,{command,{close,{'connection.close',200,<<"Goodbye">>,0,0},60000}},60000]}},[{gen_server,call,3,[{file,"gen_server.erl"},{line,223}]},{'Elixir.AMQP.Connection',close,1,[{file,"lib/amqp/connection.ex"},{line,117}]},{'Elixir.RailwayIpc.Connection',terminate,2,[{file,"lib/railway_ipc/connection.ex"},{line,79}]},{gen_server,try_terminate,3,[{file,"gen_server.erl"},{line,673}]},{gen_server,terminate,10,[{file,"gen_server.erl"},{line,858}]},{proc_lib,init_p_do_apply,3,[{file,"proc_lib.erl"},{line,249}]}]}
2019-12-02 02:31:06 =CRASH REPORT====
  crasher:
    initial call: Elixir.RailwayIpc.Connection:init/1
    pid: <0.2390.0>
    registered_name: 'Elixir.RailwayIpc.Connection'
    exception exit: {{noproc,{gen_server,call,[<0.2395.0>,{command,{close,{'connection.close',200,<<"Goodbye">>,0,0},60000}},60000]}},[{gen_server,call,3,[{file,"gen_server.erl"},{line,223}]},{'Elixir.AMQP.Connection',close,1,[{file,"lib/amqp/connection.ex"},{line,117}]},{'Elixir.RailwayIpc.Connection',terminate,2,[{file,"lib/railway_ipc/connection.ex"},{line,79}]},{gen_server,try_terminate,3,[{file,"gen_server.erl"},{line,673}]},{gen_server,terminate,10,[{file,"gen_server.erl"},{line,858}]},{proc_lib,init_p_do_apply,3,[{file,"proc_lib.erl"},{line,249}]}]}
    ancestors: ['Elixir.RailwayIpc.Connection.Supervisor','Elixir.RailwayIpc.Supervisor',<0.422.0>]
    message_queue_len: 1
    messages: [{'DOWN',#Ref<0.1802511476.968622083.26216>,process,<0.2405.0>,shutdown}]
    links: [<0.424.0>]
    dictionary: [{gen_server_call_timeout,60000}]
    trap_exit: false
    status: running
    heap_size: 4185
    stack_size: 27
    reductions: 9288
  neighbours:
2019-12-02 02:31:06 =SUPERVISOR REPORT====
     Supervisor: {<0.2393.0>,amqp_connection_sup}
     Context:    child_terminated
     Reason:     {socket_error,timeout}
     Offender:   [{pid,<0.2395.0>},{name,connection},{mfargs,{amqp_gen_connection,start_link,[<0.2394.0>,{amqp_params_network,<<"guest">>,<<"guest">>,<<"/">>,"localhost",5672,2047,0,10,60000,none,[#Fun<amqp_uri.11.12217282>,#Fun<amqp_uri.11.12217282>],[],[]}]}},{restart_type,intrinsic},{shutdown,brutal_kill},{child_type,worker}]

2019-12-02 02:31:06 =SUPERVISOR REPORT====
     Supervisor: {<0.2393.0>,amqp_connection_sup}
     Context:    shutdown
     Reason:     reached_max_restart_intensity
     Offender:   [{pid,<0.2395.0>},{name,connection},{mfargs,{amqp_gen_connection,start_link,[<0.2394.0>,{amqp_params_network,<<"guest">>,<<"guest">>,<<"/">>,"localhost",5672,2047,0,10,60000,none,[#Fun<amqp_uri.11.12217282>,#Fun<amqp_uri.11.12217282>],[],[]}]}},{restart_type,intrinsic},{shutdown,brutal_kill},{child_type,worker}]

2019-12-02 02:31:06 =SUPERVISOR REPORT====
     Supervisor: {local,'Elixir.RailwayIpc.Connection.Supervisor'}
     Context:    child_terminated
     Reason:     {noproc,{gen_server,call,[<0.2395.0>,{command,{close,{'connection.close',200,<<"Goodbye">>,0,0},60000}},60000]}}
     Offender:   [{pid,<0.2390.0>},{id,'Elixir.RailwayIpc.Connection'},{mfargs,{'Elixir.RailwayIpc.Connection',start_link,[[{name,'Elixir.RailwayIpc.Connection'}]]}},{restart_type,permanent},{shutdown,5000},{child_type,worker}]

2019-12-02 03:25:12 =ERROR REPORT====
** Generic server <0.2422.0> terminating 
** Last message in was {timeout,#Ref<0.1802511476.968622083.30104>,idle_timeout}
** When Server state == {state,#Port<0.324>,#Ref<0.1802511476.968622083.30104>,<0.2418.0>,<0.2420.0>,{method,rabbit_framing_amqp_0_9_1},{expecting_header,<<>>}}
** Reason for termination ==
** {socket_error,timeout}
2019-12-02 03:25:12 =CRASH REPORT====
  crasher:
    initial call: amqp_main_reader:init/1
    pid: <0.2422.0>
    registered_name: []
    exception exit: {{socket_error,timeout},[{gen_server,handle_common_reply,8,[{file,"gen_server.erl"},{line,751}]},{proc_lib,init_p_do_apply,3,[{file,"proc_lib.erl"},{line,249}]}]}
    ancestors: [<0.2417.0>,<0.2416.0>,amqp_sup,<0.407.0>]
    message_queue_len: 0
    messages: []
    links: [<0.2417.0>,#Port<0.324>]
    dictionary: [{gen_server_call_timeout,60000},{process_name,{amqp_main_reader,<<"client 127.0.0.1:60246 -> 127.0.0.1:5672">>}}]
    trap_exit: false
    status: running
    heap_size: 1598
    stack_size: 27
    reductions: 3316
  neighbours:
2019-12-02 03:25:12 =SUPERVISOR REPORT====
     Supervisor: {<0.2417.0>,amqp_connection_type_sup}
     Context:    child_terminated
     Reason:     {socket_error,timeout}
     Offender:   [{pid,<0.2422.0>},{name,main_reader},{mfargs,{amqp_main_reader,start_link,[#Port<0.324>,<0.2418.0>,<0.2420.0>,{method,rabbit_framing_amqp_0_9_1},<<"client 127.0.0.1:60246 -> 127.0.0.1:5672">>]}},{restart_type,transient},{shutdown,30000},{child_type,worker}]

2019-12-02 03:25:12 =SUPERVISOR REPORT====
     Supervisor: {<0.2417.0>,amqp_connection_type_sup}
     Context:    shutdown
     Reason:     reached_max_restart_intensity
     Offender:   [{pid,<0.2422.0>},{name,main_reader},{mfargs,{amqp_main_reader,start_link,[#Port<0.324>,<0.2418.0>,<0.2420.0>,{method,rabbit_framing_amqp_0_9_1},<<"client 127.0.0.1:60246 -> 127.0.0.1:5672">>]}},{restart_type,transient},{shutdown,30000},{child_type,worker}]

2019-12-02 03:25:12 =ERROR REPORT====
** Generic server <0.2418.0> terminating 
** Last message in was {socket_error,timeout}
** When Server state == {state,amqp_network_connection,{state,#Port<0.324>,<<"client 127.0.0.1:60246 -> 127.0.0.1:5672">>,10,<0.2421.0>,131072,<0.2417.0>,undefined,false},<0.2420.0>,{amqp_params_network,<<"guest">>,<<"guest">>,<<"/">>,"localhost",5672,2047,0,10,60000,none,[#Fun<amqp_uri.11.12217282>,#Fun<amqp_uri.11.12217282>],[],[]},2047,[{<<"capabilities">>,table,[{<<"publisher_confirms">>,bool,true},{<<"exchange_exchange_bindings">>,bool,true},{<<"basic.nack">>,bool,true},{<<"consumer_cancel_notify">>,bool,true},{<<"connection.blocked">>,bool,true},{<<"consumer_priorities">>,bool,true},{<<"authentication_failure_close">>,bool,true},{<<"per_consumer_qos">>,bool,true},{<<"direct_reply_to">>,bool,true}]},{<<"cluster_name">>,longstr,<<"rabbit@8ab9c67f7ec8">>},{<<"copyright">>,longstr,<<"Copyright (C) 2007-2018 Pivotal Software, Inc.">>},{<<"information">>,longstr,<<"Licensed under the MPL.  See http://www.rabbitmq.com/">>},{<<"platform">>,longstr,<<"Erlang/OTP 19.2.1">>},{<<"product">>,longstr,<<"RabbitMQ">>},{<<"version">>,longstr,<<"3.6.16">>}],none,false}
** Reason for termination ==
** {socket_error,timeout}
2019-12-02 03:25:12 =CRASH REPORT====
  crasher:
    initial call: amqp_gen_connection:init/1
    pid: <0.2418.0>
    registered_name: []
    exception exit: {{socket_error,timeout},[{gen_server,handle_common_reply,8,[{file,"gen_server.erl"},{line,751}]},{proc_lib,init_p_do_apply,3,[{file,"proc_lib.erl"},{line,249}]}]}
    ancestors: [<0.2416.0>,amqp_sup,<0.407.0>]
    message_queue_len: 0
    messages: []
    links: [<0.2416.0>]
    dictionary: [{gen_server_call_timeout,60000},{process_name,{amqp_gen_connection,<<"client 127.0.0.1:60246 -> 127.0.0.1:5672">>}}]
    trap_exit: true
    status: running
    heap_size: 2586
    stack_size: 27
    reductions: 13717
  neighbours:
2019-12-02 03:25:12 =ERROR REPORT====
** Generic server 'Elixir.RailwayIpc.Connection' terminating 
** Last message in was {'DOWN',#Ref<0.1802511476.968622082.48072>,process,<0.2418.0>,{socket_error,timeout}}
** When Server state == #{'__struct__' => 'Elixir.RailwayIpc.Connection',connection => #{'__struct__' => 'Elixir.AMQP.Connection',pid => <0.2418.0>},consumer_channels => #{'Elixir.RailwayIpc.Ipc.RepublishedMessagesConsumer' => #{'__struct__' => 'Elixir.AMQP.Channel',conn => #{'__struct__' => 'Elixir.AMQP.Connection',pid => <0.2418.0>},pid => <0.2431.0>}},publisher_channel => #{'__struct__' => 'Elixir.AMQP.Channel',conn => #{'__struct__' => 'Elixir.AMQP.Connection',pid => <0.2418.0>},pid => <0.2427.0>}}
** Reason for termination ==
** {{noproc,{gen_server,call,[<0.2418.0>,{command,{close,{'connection.close',200,<<"Goodbye">>,0,0},60000}},60000]}},[{gen_server,call,3,[{file,"gen_server.erl"},{line,223}]},{'Elixir.AMQP.Connection',close,1,[{file,"lib/amqp/connection.ex"},{line,117}]},{'Elixir.RailwayIpc.Connection',terminate,2,[{file,"lib/railway_ipc/connection.ex"},{line,79}]},{gen_server,try_terminate,3,[{file,"gen_server.erl"},{line,673}]},{gen_server,terminate,10,[{file,"gen_server.erl"},{line,858}]},{proc_lib,init_p_do_apply,3,[{file,"proc_lib.erl"},{line,249}]}]}
2019-12-02 03:25:12 =SUPERVISOR REPORT====
     Supervisor: {<0.2416.0>,amqp_connection_sup}
     Context:    child_terminated
     Reason:     {socket_error,timeout}
     Offender:   [{pid,<0.2418.0>},{name,connection},{mfargs,{amqp_gen_connection,start_link,[<0.2417.0>,{amqp_params_network,<<"guest">>,<<"guest">>,<<"/">>,"localhost",5672,2047,0,10,60000,none,[#Fun<amqp_uri.11.12217282>,#Fun<amqp_uri.11.12217282>],[],[]}]}},{restart_type,intrinsic},{shutdown,brutal_kill},{child_type,worker}]

2019-12-02 03:25:12 =SUPERVISOR REPORT====
     Supervisor: {<0.2416.0>,amqp_connection_sup}
     Context:    shutdown
     Reason:     reached_max_restart_intensity
     Offender:   [{pid,<0.2418.0>},{name,connection},{mfargs,{amqp_gen_connection,start_link,[<0.2417.0>,{amqp_params_network,<<"guest">>,<<"guest">>,<<"/">>,"localhost",5672,2047,0,10,60000,none,[#Fun<amqp_uri.11.12217282>,#Fun<amqp_uri.11.12217282>],[],[]}]}},{restart_type,intrinsic},{shutdown,brutal_kill},{child_type,worker}]

2019-12-02 03:25:12 =CRASH REPORT====
  crasher:
    initial call: Elixir.RailwayIpc.Connection:init/1
    pid: <0.2413.0>
    registered_name: 'Elixir.RailwayIpc.Connection'
    exception exit: {{noproc,{gen_server,call,[<0.2418.0>,{command,{close,{'connection.close',200,<<"Goodbye">>,0,0},60000}},60000]}},[{gen_server,call,3,[{file,"gen_server.erl"},{line,223}]},{'Elixir.AMQP.Connection',close,1,[{file,"lib/amqp/connection.ex"},{line,117}]},{'Elixir.RailwayIpc.Connection',terminate,2,[{file,"lib/railway_ipc/connection.ex"},{line,79}]},{gen_server,try_terminate,3,[{file,"gen_server.erl"},{line,673}]},{gen_server,terminate,10,[{file,"gen_server.erl"},{line,858}]},{proc_lib,init_p_do_apply,3,[{file,"proc_lib.erl"},{line,249}]}]}
    ancestors: ['Elixir.RailwayIpc.Connection.Supervisor','Elixir.RailwayIpc.Supervisor',<0.422.0>]
    message_queue_len: 0
    messages: []
    links: [<0.424.0>]
    dictionary: [{gen_server_call_timeout,60000}]
    trap_exit: false
    status: running
    heap_size: 4185
    stack_size: 27
    reductions: 9430
  neighbours:
2019-12-02 03:25:12 =SUPERVISOR REPORT====
     Supervisor: {local,'Elixir.RailwayIpc.Connection.Supervisor'}
     Context:    child_terminated
     Reason:     {noproc,{gen_server,call,[<0.2418.0>,{command,{close,{'connection.close',200,<<"Goodbye">>,0,0},60000}},60000]}}
     Offender:   [{pid,<0.2413.0>},{id,'Elixir.RailwayIpc.Connection'},{mfargs,{'Elixir.RailwayIpc.Connection',start_link,[[{name,'Elixir.RailwayIpc.Connection'}]]}},{restart_type,permanent},{shutdown,5000},{child_type,worker}]

2019-12-02 04:19:18 =ERROR REPORT====
** Generic server <0.2444.0> terminating 
** Last message in was {timeout,#Ref<0.1802511476.968622083.34589>,idle_timeout}
** When Server state == {state,#Port<0.325>,#Ref<0.1802511476.968622083.34589>,<0.2440.0>,<0.2442.0>,{method,rabbit_framing_amqp_0_9_1},{expecting_header,<<>>}}
** Reason for termination ==
** {socket_error,timeout}
2019-12-02 04:19:18 =CRASH REPORT====
  crasher:
    initial call: amqp_main_reader:init/1
    pid: <0.2444.0>
    registered_name: []
    exception exit: {{socket_error,timeout},[{gen_server,handle_common_reply,8,[{file,"gen_server.erl"},{line,751}]},{proc_lib,init_p_do_apply,3,[{file,"proc_lib.erl"},{line,249}]}]}
    ancestors: [<0.2439.0>,<0.2438.0>,amqp_sup,<0.407.0>]
    message_queue_len: 0
    messages: []
    links: [<0.2439.0>,#Port<0.325>]
    dictionary: [{gen_server_call_timeout,60000},{process_name,{amqp_main_reader,<<"client 127.0.0.1:60304 -> 127.0.0.1:5672">>}}]
    trap_exit: false
    status: running
    heap_size: 1598
    stack_size: 27
    reductions: 3316
  neighbours:
2019-12-02 04:19:18 =ERROR REPORT====
** Generic server <0.2440.0> terminating 
** Last message in was {socket_error,timeout}
** When Server state == {state,amqp_network_connection,{state,#Port<0.325>,<<"client 127.0.0.1:60304 -> 127.0.0.1:5672">>,10,<0.2443.0>,131072,<0.2439.0>,undefined,false},<0.2442.0>,{amqp_params_network,<<"guest">>,<<"guest">>,<<"/">>,"localhost",5672,2047,0,10,60000,none,[#Fun<amqp_uri.11.12217282>,#Fun<amqp_uri.11.12217282>],[],[]},2047,[{<<"capabilities">>,table,[{<<"publisher_confirms">>,bool,true},{<<"exchange_exchange_bindings">>,bool,true},{<<"basic.nack">>,bool,true},{<<"consumer_cancel_notify">>,bool,true},{<<"connection.blocked">>,bool,true},{<<"consumer_priorities">>,bool,true},{<<"authentication_failure_close">>,bool,true},{<<"per_consumer_qos">>,bool,true},{<<"direct_reply_to">>,bool,true}]},{<<"cluster_name">>,longstr,<<"rabbit@8ab9c67f7ec8">>},{<<"copyright">>,longstr,<<"Copyright (C) 2007-2018 Pivotal Software, Inc.">>},{<<"information">>,longstr,<<"Licensed under the MPL.  See http://www.rabbitmq.com/">>},{<<"platform">>,longstr,<<"Erlang/OTP 19.2.1">>},{<<"product">>,longstr,<<"RabbitMQ">>},{<<"version">>,longstr,<<"3.6.16">>}],none,false}
** Reason for termination ==
** {socket_error,timeout}
2019-12-02 04:19:18 =SUPERVISOR REPORT====
     Supervisor: {<0.2439.0>,amqp_connection_type_sup}
     Context:    child_terminated
     Reason:     {socket_error,timeout}
     Offender:   [{pid,<0.2444.0>},{name,main_reader},{mfargs,{amqp_main_reader,start_link,[#Port<0.325>,<0.2440.0>,<0.2442.0>,{method,rabbit_framing_amqp_0_9_1},<<"client 127.0.0.1:60304 -> 127.0.0.1:5672">>]}},{restart_type,transient},{shutdown,30000},{child_type,worker}]

2019-12-02 04:19:18 =SUPERVISOR REPORT====
     Supervisor: {<0.2439.0>,amqp_connection_type_sup}
     Context:    shutdown
     Reason:     reached_max_restart_intensity
     Offender:   [{pid,<0.2444.0>},{name,main_reader},{mfargs,{amqp_main_reader,start_link,[#Port<0.325>,<0.2440.0>,<0.2442.0>,{method,rabbit_framing_amqp_0_9_1},<<"client 127.0.0.1:60304 -> 127.0.0.1:5672">>]}},{restart_type,transient},{shutdown,30000},{child_type,worker}]

2019-12-02 04:19:18 =CRASH REPORT====
  crasher:
    initial call: amqp_gen_connection:init/1
    pid: <0.2440.0>
    registered_name: []
    exception exit: {{socket_error,timeout},[{gen_server,handle_common_reply,8,[{file,"gen_server.erl"},{line,751}]},{proc_lib,init_p_do_apply,3,[{file,"proc_lib.erl"},{line,249}]}]}
    ancestors: [<0.2438.0>,amqp_sup,<0.407.0>]
    message_queue_len: 0
    messages: []
    links: [<0.2438.0>]
    dictionary: [{gen_server_call_timeout,60000},{process_name,{amqp_gen_connection,<<"client 127.0.0.1:60304 -> 127.0.0.1:5672">>}}]
    trap_exit: true
    status: running
    heap_size: 2586
    stack_size: 27
    reductions: 13717
  neighbours:
2019-12-02 04:19:18 =ERROR REPORT====
** Generic server 'Elixir.RailwayIpc.Connection' terminating 
** Last message in was {'DOWN',#Ref<0.1802511476.968622083.34346>,process,<0.2453.0>,shutdown}
** When Server state == #{'__struct__' => 'Elixir.RailwayIpc.Connection',connection => #{'__struct__' => 'Elixir.AMQP.Connection',pid => <0.2440.0>},consumer_channels => #{'Elixir.RailwayIpc.Ipc.RepublishedMessagesConsumer' => #{'__struct__' => 'Elixir.AMQP.Channel',conn => #{'__struct__' => 'Elixir.AMQP.Connection',pid => <0.2440.0>},pid => <0.2453.0>}},publisher_channel => #{'__struct__' => 'Elixir.AMQP.Channel',conn => #{'__struct__' => 'Elixir.AMQP.Connection',pid => <0.2440.0>},pid => <0.2449.0>}}
** Reason for termination ==
** {{noproc,{gen_server,call,[<0.2440.0>,{command,{close,{'connection.close',200,<<"Goodbye">>,0,0},60000}},60000]}},[{gen_server,call,3,[{file,"gen_server.erl"},{line,223}]},{'Elixir.AMQP.Connection',close,1,[{file,"lib/amqp/connection.ex"},{line,117}]},{'Elixir.RailwayIpc.Connection',terminate,2,[{file,"lib/railway_ipc/connection.ex"},{line,79}]},{gen_server,try_terminate,3,[{file,"gen_server.erl"},{line,673}]},{gen_server,terminate,10,[{file,"gen_server.erl"},{line,858}]},{proc_lib,init_p_do_apply,3,[{file,"proc_lib.erl"},{line,249}]}]}
2019-12-02 04:19:18 =CRASH REPORT====
  crasher:
    initial call: Elixir.RailwayIpc.Connection:init/1
    pid: <0.2435.0>
    registered_name: 'Elixir.RailwayIpc.Connection'
    exception exit: {{noproc,{gen_server,call,[<0.2440.0>,{command,{close,{'connection.close',200,<<"Goodbye">>,0,0},60000}},60000]}},[{gen_server,call,3,[{file,"gen_server.erl"},{line,223}]},{'Elixir.AMQP.Connection',close,1,[{file,"lib/amqp/connection.ex"},{line,117}]},{'Elixir.RailwayIpc.Connection',terminate,2,[{file,"lib/railway_ipc/connection.ex"},{line,79}]},{gen_server,try_terminate,3,[{file,"gen_server.erl"},{line,673}]},{gen_server,terminate,10,[{file,"gen_server.erl"},{line,858}]},{proc_lib,init_p_do_apply,3,[{file,"proc_lib.erl"},{line,249}]}]}
    ancestors: ['Elixir.RailwayIpc.Connection.Supervisor','Elixir.RailwayIpc.Supervisor',<0.422.0>]
    message_queue_len: 1
    messages: [{'DOWN',#Ref<0.1802511476.968622083.34317>,process,<0.2449.0>,shutdown}]
    links: [<0.424.0>]
    dictionary: [{gen_server_call_timeout,60000}]
    trap_exit: false
    status: running
    heap_size: 4185
    stack_size: 27
    reductions: 9288
  neighbours:
2019-12-02 04:19:18 =SUPERVISOR REPORT====
     Supervisor: {<0.2438.0>,amqp_connection_sup}
     Context:    child_terminated
     Reason:     {socket_error,timeout}
     Offender:   [{pid,<0.2440.0>},{name,connection},{mfargs,{amqp_gen_connection,start_link,[<0.2439.0>,{amqp_params_network,<<"guest">>,<<"guest">>,<<"/">>,"localhost",5672,2047,0,10,60000,none,[#Fun<amqp_uri.11.12217282>,#Fun<amqp_uri.11.12217282>],[],[]}]}},{restart_type,intrinsic},{shutdown,brutal_kill},{child_type,worker}]

2019-12-02 04:19:18 =SUPERVISOR REPORT====
     Supervisor: {<0.2438.0>,amqp_connection_sup}
     Context:    shutdown
     Reason:     reached_max_restart_intensity
     Offender:   [{pid,<0.2440.0>},{name,connection},{mfargs,{amqp_gen_connection,start_link,[<0.2439.0>,{amqp_params_network,<<"guest">>,<<"guest">>,<<"/">>,"localhost",5672,2047,0,10,60000,none,[#Fun<amqp_uri.11.12217282>,#Fun<amqp_uri.11.12217282>],[],[]}]}},{restart_type,intrinsic},{shutdown,brutal_kill},{child_type,worker}]

2019-12-02 04:19:18 =SUPERVISOR REPORT====
     Supervisor: {local,'Elixir.RailwayIpc.Connection.Supervisor'}
     Context:    child_terminated
     Reason:     {noproc,{gen_server,call,[<0.2440.0>,{command,{close,{'connection.close',200,<<"Goodbye">>,0,0},60000}},60000]}}
     Offender:   [{pid,<0.2435.0>},{id,'Elixir.RailwayIpc.Connection'},{mfargs,{'Elixir.RailwayIpc.Connection',start_link,[[{name,'Elixir.RailwayIpc.Connection'}]]}},{restart_type,permanent},{shutdown,5000},{child_type,worker}]

2019-12-02 05:13:24 =ERROR REPORT====
** Generic server <0.2466.0> terminating 
** Last message in was {timeout,#Ref<0.1802511476.968622083.38039>,idle_timeout}
** When Server state == {state,#Port<0.326>,#Ref<0.1802511476.968622083.38039>,<0.2461.0>,<0.2464.0>,{method,rabbit_framing_amqp_0_9_1},{expecting_header,<<>>}}
** Reason for termination ==
** {socket_error,timeout}
2019-12-02 05:13:24 =CRASH REPORT====
  crasher:
    initial call: amqp_main_reader:init/1
    pid: <0.2466.0>
    registered_name: []
    exception exit: {{socket_error,timeout},[{gen_server,handle_common_reply,8,[{file,"gen_server.erl"},{line,751}]},{proc_lib,init_p_do_apply,3,[{file,"proc_lib.erl"},{line,249}]}]}
    ancestors: [<0.2460.0>,<0.2459.0>,amqp_sup,<0.407.0>]
    message_queue_len: 0
    messages: []
    links: [<0.2460.0>,#Port<0.326>]
    dictionary: [{gen_server_call_timeout,60000},{process_name,{amqp_main_reader,<<"client 127.0.0.1:60362 -> 127.0.0.1:5672">>}}]
    trap_exit: false
    status: running
    heap_size: 1598
    stack_size: 27
    reductions: 3316
  neighbours:
2019-12-02 05:13:24 =ERROR REPORT====
** Generic server <0.2461.0> terminating 
** Last message in was {socket_error,timeout}
** When Server state == {state,amqp_network_connection,{state,#Port<0.326>,<<"client 127.0.0.1:60362 -> 127.0.0.1:5672">>,10,<0.2465.0>,131072,<0.2460.0>,undefined,false},<0.2464.0>,{amqp_params_network,<<"guest">>,<<"guest">>,<<"/">>,"localhost",5672,2047,0,10,60000,none,[#Fun<amqp_uri.11.12217282>,#Fun<amqp_uri.11.12217282>],[],[]},2047,[{<<"capabilities">>,table,[{<<"publisher_confirms">>,bool,true},{<<"exchange_exchange_bindings">>,bool,true},{<<"basic.nack">>,bool,true},{<<"consumer_cancel_notify">>,bool,true},{<<"connection.blocked">>,bool,true},{<<"consumer_priorities">>,bool,true},{<<"authentication_failure_close">>,bool,true},{<<"per_consumer_qos">>,bool,true},{<<"direct_reply_to">>,bool,true}]},{<<"cluster_name">>,longstr,<<"rabbit@8ab9c67f7ec8">>},{<<"copyright">>,longstr,<<"Copyright (C) 2007-2018 Pivotal Software, Inc.">>},{<<"information">>,longstr,<<"Licensed under the MPL.  See http://www.rabbitmq.com/">>},{<<"platform">>,longstr,<<"Erlang/OTP 19.2.1">>},{<<"product">>,longstr,<<"RabbitMQ">>},{<<"version">>,longstr,<<"3.6.16">>}],none,false}
** Reason for termination ==
** {socket_error,timeout}
2019-12-02 05:13:24 =SUPERVISOR REPORT====
     Supervisor: {<0.2460.0>,amqp_connection_type_sup}
     Context:    child_terminated
     Reason:     {socket_error,timeout}
     Offender:   [{pid,<0.2466.0>},{name,main_reader},{mfargs,{amqp_main_reader,start_link,[#Port<0.326>,<0.2461.0>,<0.2464.0>,{method,rabbit_framing_amqp_0_9_1},<<"client 127.0.0.1:60362 -> 127.0.0.1:5672">>]}},{restart_type,transient},{shutdown,30000},{child_type,worker}]

2019-12-02 05:13:24 =SUPERVISOR REPORT====
     Supervisor: {<0.2460.0>,amqp_connection_type_sup}
     Context:    shutdown
     Reason:     reached_max_restart_intensity
     Offender:   [{pid,<0.2466.0>},{name,main_reader},{mfargs,{amqp_main_reader,start_link,[#Port<0.326>,<0.2461.0>,<0.2464.0>,{method,rabbit_framing_amqp_0_9_1},<<"client 127.0.0.1:60362 -> 127.0.0.1:5672">>]}},{restart_type,transient},{shutdown,30000},{child_type,worker}]

2019-12-02 05:13:24 =CRASH REPORT====
  crasher:
    initial call: amqp_gen_connection:init/1
    pid: <0.2461.0>
    registered_name: []
    exception exit: {{socket_error,timeout},[{gen_server,handle_common_reply,8,[{file,"gen_server.erl"},{line,751}]},{proc_lib,init_p_do_apply,3,[{file,"proc_lib.erl"},{line,249}]}]}
    ancestors: [<0.2459.0>,amqp_sup,<0.407.0>]
    message_queue_len: 0
    messages: []
    links: [<0.2459.0>]
    dictionary: [{gen_server_call_timeout,60000},{process_name,{amqp_gen_connection,<<"client 127.0.0.1:60362 -> 127.0.0.1:5672">>}}]
    trap_exit: true
    status: running
    heap_size: 2586
    stack_size: 27
    reductions: 13717
  neighbours:
2019-12-02 05:13:24 =ERROR REPORT====
** Generic server 'Elixir.RailwayIpc.Connection' terminating 
** Last message in was {'DOWN',#Ref<0.1802511476.968622083.37894>,process,<0.2461.0>,{socket_error,timeout}}
** When Server state == #{'__struct__' => 'Elixir.RailwayIpc.Connection',connection => #{'__struct__' => 'Elixir.AMQP.Connection',pid => <0.2461.0>},consumer_channels => #{'Elixir.RailwayIpc.Ipc.RepublishedMessagesConsumer' => #{'__struct__' => 'Elixir.AMQP.Channel',conn => #{'__struct__' => 'Elixir.AMQP.Connection',pid => <0.2461.0>},pid => <0.2475.0>}},publisher_channel => #{'__struct__' => 'Elixir.AMQP.Channel',conn => #{'__struct__' => 'Elixir.AMQP.Connection',pid => <0.2461.0>},pid => <0.2471.0>}}
** Reason for termination ==
** {{noproc,{gen_server,call,[<0.2461.0>,{command,{close,{'connection.close',200,<<"Goodbye">>,0,0},60000}},60000]}},[{gen_server,call,3,[{file,"gen_server.erl"},{line,223}]},{'Elixir.AMQP.Connection',close,1,[{file,"lib/amqp/connection.ex"},{line,117}]},{'Elixir.RailwayIpc.Connection',terminate,2,[{file,"lib/railway_ipc/connection.ex"},{line,79}]},{gen_server,try_terminate,3,[{file,"gen_server.erl"},{line,673}]},{gen_server,terminate,10,[{file,"gen_server.erl"},{line,858}]},{proc_lib,init_p_do_apply,3,[{file,"proc_lib.erl"},{line,249}]}]}
2019-12-02 05:13:24 =CRASH REPORT====
  crasher:
    initial call: Elixir.RailwayIpc.Connection:init/1
    pid: <0.2456.0>
    registered_name: 'Elixir.RailwayIpc.Connection'
    exception exit: {{noproc,{gen_server,call,[<0.2461.0>,{command,{close,{'connection.close',200,<<"Goodbye">>,0,0},60000}},60000]}},[{gen_server,call,3,[{file,"gen_server.erl"},{line,223}]},{'Elixir.AMQP.Connection',close,1,[{file,"lib/amqp/connection.ex"},{line,117}]},{'Elixir.RailwayIpc.Connection',terminate,2,[{file,"lib/railway_ipc/connection.ex"},{line,79}]},{gen_server,try_terminate,3,[{file,"gen_server.erl"},{line,673}]},{gen_server,terminate,10,[{file,"gen_server.erl"},{line,858}]},{proc_lib,init_p_do_apply,3,[{file,"proc_lib.erl"},{line,249}]}]}
    ancestors: ['Elixir.RailwayIpc.Connection.Supervisor','Elixir.RailwayIpc.Supervisor',<0.422.0>]
    message_queue_len: 0
    messages: []
    links: [<0.424.0>]
    dictionary: [{gen_server_call_timeout,60000}]
    trap_exit: false
    status: running
    heap_size: 4185
    stack_size: 27
    reductions: 9430
  neighbours:
2019-12-02 05:13:24 =SUPERVISOR REPORT====
     Supervisor: {<0.2459.0>,amqp_connection_sup}
     Context:    child_terminated
     Reason:     {socket_error,timeout}
     Offender:   [{pid,<0.2461.0>},{name,connection},{mfargs,{amqp_gen_connection,start_link,[<0.2460.0>,{amqp_params_network,<<"guest">>,<<"guest">>,<<"/">>,"localhost",5672,2047,0,10,60000,none,[#Fun<amqp_uri.11.12217282>,#Fun<amqp_uri.11.12217282>],[],[]}]}},{restart_type,intrinsic},{shutdown,brutal_kill},{child_type,worker}]

2019-12-02 05:13:24 =SUPERVISOR REPORT====
     Supervisor: {<0.2459.0>,amqp_connection_sup}
     Context:    shutdown
     Reason:     reached_max_restart_intensity
     Offender:   [{pid,<0.2461.0>},{name,connection},{mfargs,{amqp_gen_connection,start_link,[<0.2460.0>,{amqp_params_network,<<"guest">>,<<"guest">>,<<"/">>,"localhost",5672,2047,0,10,60000,none,[#Fun<amqp_uri.11.12217282>,#Fun<amqp_uri.11.12217282>],[],[]}]}},{restart_type,intrinsic},{shutdown,brutal_kill},{child_type,worker}]

2019-12-02 05:13:24 =SUPERVISOR REPORT====
     Supervisor: {<0.2459.0>,amqp_connection_sup}
     Context:    shutdown_error
     Reason:     shutdown
     Offender:   [{pid,<0.2460.0>},{name,connection_type_sup},{mfargs,{amqp_connection_type_sup,start_link,[]}},{restart_type,transient},{shutdown,infinity},{child_type,supervisor}]

2019-12-02 05:13:24 =SUPERVISOR REPORT====
     Supervisor: {local,'Elixir.RailwayIpc.Connection.Supervisor'}
     Context:    child_terminated
     Reason:     {noproc,{gen_server,call,[<0.2461.0>,{command,{close,{'connection.close',200,<<"Goodbye">>,0,0},60000}},60000]}}
     Offender:   [{pid,<0.2456.0>},{id,'Elixir.RailwayIpc.Connection'},{mfargs,{'Elixir.RailwayIpc.Connection',start_link,[[{name,'Elixir.RailwayIpc.Connection'}]]}},{restart_type,permanent},{shutdown,5000},{child_type,worker}]

2019-12-02 06:07:30 =ERROR REPORT====
** Generic server <0.2488.0> terminating 
** Last message in was {timeout,#Ref<0.1802511476.968622084.21363>,idle_timeout}
** When Server state == {state,#Port<0.327>,#Ref<0.1802511476.968622084.21363>,<0.2484.0>,<0.2486.0>,{method,rabbit_framing_amqp_0_9_1},{expecting_header,<<>>}}
** Reason for termination ==
** {socket_error,timeout}
2019-12-02 06:07:30 =CRASH REPORT====
  crasher:
    initial call: amqp_main_reader:init/1
    pid: <0.2488.0>
    registered_name: []
    exception exit: {{socket_error,timeout},[{gen_server,handle_common_reply,8,[{file,"gen_server.erl"},{line,751}]},{proc_lib,init_p_do_apply,3,[{file,"proc_lib.erl"},{line,249}]}]}
    ancestors: [<0.2483.0>,<0.2482.0>,amqp_sup,<0.407.0>]
    message_queue_len: 0
    messages: []
    links: [<0.2483.0>,#Port<0.327>]
    dictionary: [{gen_server_call_timeout,60000},{process_name,{amqp_main_reader,<<"client 127.0.0.1:60423 -> 127.0.0.1:5672">>}}]
    trap_exit: false
    status: running
    heap_size: 1598
    stack_size: 27
    reductions: 3316
  neighbours:
2019-12-02 06:07:30 =ERROR REPORT====
** Generic server <0.2484.0> terminating 
** Last message in was {socket_error,timeout}
** When Server state == {state,amqp_network_connection,{state,#Port<0.327>,<<"client 127.0.0.1:60423 -> 127.0.0.1:5672">>,10,<0.2487.0>,131072,<0.2483.0>,undefined,false},<0.2486.0>,{amqp_params_network,<<"guest">>,<<"guest">>,<<"/">>,"localhost",5672,2047,0,10,60000,none,[#Fun<amqp_uri.11.12217282>,#Fun<amqp_uri.11.12217282>],[],[]},2047,[{<<"capabilities">>,table,[{<<"publisher_confirms">>,bool,true},{<<"exchange_exchange_bindings">>,bool,true},{<<"basic.nack">>,bool,true},{<<"consumer_cancel_notify">>,bool,true},{<<"connection.blocked">>,bool,true},{<<"consumer_priorities">>,bool,true},{<<"authentication_failure_close">>,bool,true},{<<"per_consumer_qos">>,bool,true},{<<"direct_reply_to">>,bool,true}]},{<<"cluster_name">>,longstr,<<"rabbit@8ab9c67f7ec8">>},{<<"copyright">>,longstr,<<"Copyright (C) 2007-2018 Pivotal Software, Inc.">>},{<<"information">>,longstr,<<"Licensed under the MPL.  See http://www.rabbitmq.com/">>},{<<"platform">>,longstr,<<"Erlang/OTP 19.2.1">>},{<<"product">>,longstr,<<"RabbitMQ">>},{<<"version">>,longstr,<<"3.6.16">>}],none,false}
** Reason for termination ==
** {socket_error,timeout}
2019-12-02 06:07:30 =CRASH REPORT====
  crasher:
    initial call: amqp_gen_connection:init/1
    pid: <0.2484.0>
    registered_name: []
    exception exit: {{socket_error,timeout},[{gen_server,handle_common_reply,8,[{file,"gen_server.erl"},{line,751}]},{proc_lib,init_p_do_apply,3,[{file,"proc_lib.erl"},{line,249}]}]}
    ancestors: [<0.2482.0>,amqp_sup,<0.407.0>]
    message_queue_len: 0
    messages: []
    links: [<0.2482.0>]
    dictionary: [{gen_server_call_timeout,60000},{process_name,{amqp_gen_connection,<<"client 127.0.0.1:60423 -> 127.0.0.1:5672">>}}]
    trap_exit: true
    status: running
    heap_size: 2586
    stack_size: 27
    reductions: 13717
  neighbours:
2019-12-02 06:07:30 =SUPERVISOR REPORT====
     Supervisor: {<0.2483.0>,amqp_connection_type_sup}
     Context:    child_terminated
     Reason:     {socket_error,timeout}
     Offender:   [{pid,<0.2488.0>},{name,main_reader},{mfargs,{amqp_main_reader,start_link,[#Port<0.327>,<0.2484.0>,<0.2486.0>,{method,rabbit_framing_amqp_0_9_1},<<"client 127.0.0.1:60423 -> 127.0.0.1:5672">>]}},{restart_type,transient},{shutdown,30000},{child_type,worker}]

2019-12-02 06:07:30 =SUPERVISOR REPORT====
     Supervisor: {<0.2483.0>,amqp_connection_type_sup}
     Context:    shutdown
     Reason:     reached_max_restart_intensity
     Offender:   [{pid,<0.2488.0>},{name,main_reader},{mfargs,{amqp_main_reader,start_link,[#Port<0.327>,<0.2484.0>,<0.2486.0>,{method,rabbit_framing_amqp_0_9_1},<<"client 127.0.0.1:60423 -> 127.0.0.1:5672">>]}},{restart_type,transient},{shutdown,30000},{child_type,worker}]

2019-12-02 06:07:30 =SUPERVISOR REPORT====
     Supervisor: {<0.2482.0>,amqp_connection_sup}
     Context:    child_terminated
     Reason:     {socket_error,timeout}
     Offender:   [{pid,<0.2484.0>},{name,connection},{mfargs,{amqp_gen_connection,start_link,[<0.2483.0>,{amqp_params_network,<<"guest">>,<<"guest">>,<<"/">>,"localhost",5672,2047,0,10,60000,none,[#Fun<amqp_uri.11.12217282>,#Fun<amqp_uri.11.12217282>],[],[]}]}},{restart_type,intrinsic},{shutdown,brutal_kill},{child_type,worker}]

2019-12-02 06:07:30 =SUPERVISOR REPORT====
     Supervisor: {<0.2482.0>,amqp_connection_sup}
     Context:    shutdown
     Reason:     reached_max_restart_intensity
     Offender:   [{pid,<0.2484.0>},{name,connection},{mfargs,{amqp_gen_connection,start_link,[<0.2483.0>,{amqp_params_network,<<"guest">>,<<"guest">>,<<"/">>,"localhost",5672,2047,0,10,60000,none,[#Fun<amqp_uri.11.12217282>,#Fun<amqp_uri.11.12217282>],[],[]}]}},{restart_type,intrinsic},{shutdown,brutal_kill},{child_type,worker}]

2019-12-02 06:07:30 =ERROR REPORT====
** Generic server 'Elixir.RailwayIpc.Connection' terminating 
** Last message in was {'DOWN',#Ref<0.1802511476.968622084.21329>,process,<0.2484.0>,{socket_error,timeout}}
** When Server state == #{'__struct__' => 'Elixir.RailwayIpc.Connection',connection => #{'__struct__' => 'Elixir.AMQP.Connection',pid => <0.2484.0>},consumer_channels => #{'Elixir.RailwayIpc.Ipc.RepublishedMessagesConsumer' => #{'__struct__' => 'Elixir.AMQP.Channel',conn => #{'__struct__' => 'Elixir.AMQP.Connection',pid => <0.2484.0>},pid => <0.2497.0>}},publisher_channel => #{'__struct__' => 'Elixir.AMQP.Channel',conn => #{'__struct__' => 'Elixir.AMQP.Connection',pid => <0.2484.0>},pid => <0.2493.0>}}
** Reason for termination ==
** {{noproc,{gen_server,call,[<0.2484.0>,{command,{close,{'connection.close',200,<<"Goodbye">>,0,0},60000}},60000]}},[{gen_server,call,3,[{file,"gen_server.erl"},{line,223}]},{'Elixir.AMQP.Connection',close,1,[{file,"lib/amqp/connection.ex"},{line,117}]},{'Elixir.RailwayIpc.Connection',terminate,2,[{file,"lib/railway_ipc/connection.ex"},{line,79}]},{gen_server,try_terminate,3,[{file,"gen_server.erl"},{line,673}]},{gen_server,terminate,10,[{file,"gen_server.erl"},{line,858}]},{proc_lib,init_p_do_apply,3,[{file,"proc_lib.erl"},{line,249}]}]}
2019-12-02 06:07:30 =CRASH REPORT====
  crasher:
    initial call: Elixir.RailwayIpc.Connection:init/1
    pid: <0.2479.0>
    registered_name: 'Elixir.RailwayIpc.Connection'
    exception exit: {{noproc,{gen_server,call,[<0.2484.0>,{command,{close,{'connection.close',200,<<"Goodbye">>,0,0},60000}},60000]}},[{gen_server,call,3,[{file,"gen_server.erl"},{line,223}]},{'Elixir.AMQP.Connection',close,1,[{file,"lib/amqp/connection.ex"},{line,117}]},{'Elixir.RailwayIpc.Connection',terminate,2,[{file,"lib/railway_ipc/connection.ex"},{line,79}]},{gen_server,try_terminate,3,[{file,"gen_server.erl"},{line,673}]},{gen_server,terminate,10,[{file,"gen_server.erl"},{line,858}]},{proc_lib,init_p_do_apply,3,[{file,"proc_lib.erl"},{line,249}]}]}
    ancestors: ['Elixir.RailwayIpc.Connection.Supervisor','Elixir.RailwayIpc.Supervisor',<0.422.0>]
    message_queue_len: 0
    messages: []
    links: [<0.424.0>]
    dictionary: [{gen_server_call_timeout,60000}]
    trap_exit: false
    status: running
    heap_size: 4185
    stack_size: 27
    reductions: 9430
  neighbours:
2019-12-02 06:07:30 =SUPERVISOR REPORT====
     Supervisor: {local,'Elixir.RailwayIpc.Connection.Supervisor'}
     Context:    child_terminated
     Reason:     {noproc,{gen_server,call,[<0.2484.0>,{command,{close,{'connection.close',200,<<"Goodbye">>,0,0},60000}},60000]}}
     Offender:   [{pid,<0.2479.0>},{id,'Elixir.RailwayIpc.Connection'},{mfargs,{'Elixir.RailwayIpc.Connection',start_link,[[{name,'Elixir.RailwayIpc.Connection'}]]}},{restart_type,permanent},{shutdown,5000},{child_type,worker}]

2019-12-02 07:01:36 =ERROR REPORT====
** Generic server <0.2510.0> terminating 
** Last message in was {timeout,#Ref<0.1802511476.968622084.22694>,idle_timeout}
** When Server state == {state,#Port<0.328>,#Ref<0.1802511476.968622084.22694>,<0.2505.0>,<0.2508.0>,{method,rabbit_framing_amqp_0_9_1},{expecting_header,<<>>}}
** Reason for termination ==
** {socket_error,timeout}
2019-12-02 07:01:36 =CRASH REPORT====
  crasher:
    initial call: amqp_main_reader:init/1
    pid: <0.2510.0>
    registered_name: []
    exception exit: {{socket_error,timeout},[{gen_server,handle_common_reply,8,[{file,"gen_server.erl"},{line,751}]},{proc_lib,init_p_do_apply,3,[{file,"proc_lib.erl"},{line,249}]}]}
    ancestors: [<0.2504.0>,<0.2503.0>,amqp_sup,<0.407.0>]
    message_queue_len: 0
    messages: []
    links: [<0.2504.0>,#Port<0.328>]
    dictionary: [{gen_server_call_timeout,60000},{process_name,{amqp_main_reader,<<"client 127.0.0.1:60488 -> 127.0.0.1:5672">>}}]
    trap_exit: false
    status: running
    heap_size: 1598
    stack_size: 27
    reductions: 3316
  neighbours:
2019-12-02 07:01:36 =ERROR REPORT====
** Generic server <0.2505.0> terminating 
** Last message in was {socket_error,timeout}
** When Server state == {state,amqp_network_connection,{state,#Port<0.328>,<<"client 127.0.0.1:60488 -> 127.0.0.1:5672">>,10,<0.2509.0>,131072,<0.2504.0>,undefined,false},<0.2508.0>,{amqp_params_network,<<"guest">>,<<"guest">>,<<"/">>,"localhost",5672,2047,0,10,60000,none,[#Fun<amqp_uri.11.12217282>,#Fun<amqp_uri.11.12217282>],[],[]},2047,[{<<"capabilities">>,table,[{<<"publisher_confirms">>,bool,true},{<<"exchange_exchange_bindings">>,bool,true},{<<"basic.nack">>,bool,true},{<<"consumer_cancel_notify">>,bool,true},{<<"connection.blocked">>,bool,true},{<<"consumer_priorities">>,bool,true},{<<"authentication_failure_close">>,bool,true},{<<"per_consumer_qos">>,bool,true},{<<"direct_reply_to">>,bool,true}]},{<<"cluster_name">>,longstr,<<"rabbit@8ab9c67f7ec8">>},{<<"copyright">>,longstr,<<"Copyright (C) 2007-2018 Pivotal Software, Inc.">>},{<<"information">>,longstr,<<"Licensed under the MPL.  See http://www.rabbitmq.com/">>},{<<"platform">>,longstr,<<"Erlang/OTP 19.2.1">>},{<<"product">>,longstr,<<"RabbitMQ">>},{<<"version">>,longstr,<<"3.6.16">>}],none,false}
** Reason for termination ==
** {socket_error,timeout}
2019-12-02 07:01:36 =SUPERVISOR REPORT====
     Supervisor: {<0.2504.0>,amqp_connection_type_sup}
     Context:    child_terminated
     Reason:     {socket_error,timeout}
     Offender:   [{pid,<0.2510.0>},{name,main_reader},{mfargs,{amqp_main_reader,start_link,[#Port<0.328>,<0.2505.0>,<0.2508.0>,{method,rabbit_framing_amqp_0_9_1},<<"client 127.0.0.1:60488 -> 127.0.0.1:5672">>]}},{restart_type,transient},{shutdown,30000},{child_type,worker}]

2019-12-02 07:01:36 =SUPERVISOR REPORT====
     Supervisor: {<0.2504.0>,amqp_connection_type_sup}
     Context:    shutdown
     Reason:     reached_max_restart_intensity
     Offender:   [{pid,<0.2510.0>},{name,main_reader},{mfargs,{amqp_main_reader,start_link,[#Port<0.328>,<0.2505.0>,<0.2508.0>,{method,rabbit_framing_amqp_0_9_1},<<"client 127.0.0.1:60488 -> 127.0.0.1:5672">>]}},{restart_type,transient},{shutdown,30000},{child_type,worker}]

2019-12-02 07:01:36 =CRASH REPORT====
  crasher:
    initial call: amqp_gen_connection:init/1
    pid: <0.2505.0>
    registered_name: []
    exception exit: {{socket_error,timeout},[{gen_server,handle_common_reply,8,[{file,"gen_server.erl"},{line,751}]},{proc_lib,init_p_do_apply,3,[{file,"proc_lib.erl"},{line,249}]}]}
    ancestors: [<0.2503.0>,amqp_sup,<0.407.0>]
    message_queue_len: 0
    messages: []
    links: [<0.2503.0>]
    dictionary: [{gen_server_call_timeout,60000},{process_name,{amqp_gen_connection,<<"client 127.0.0.1:60488 -> 127.0.0.1:5672">>}}]
    trap_exit: true
    status: running
    heap_size: 2586
    stack_size: 27
    reductions: 13717
  neighbours:
2019-12-02 07:01:36 =ERROR REPORT====
** Generic server 'Elixir.RailwayIpc.Connection' terminating 
** Last message in was {'DOWN',#Ref<0.1802511476.968622084.22502>,process,<0.2505.0>,{socket_error,timeout}}
** When Server state == #{'__struct__' => 'Elixir.RailwayIpc.Connection',connection => #{'__struct__' => 'Elixir.AMQP.Connection',pid => <0.2505.0>},consumer_channels => #{'Elixir.RailwayIpc.Ipc.RepublishedMessagesConsumer' => #{'__struct__' => 'Elixir.AMQP.Channel',conn => #{'__struct__' => 'Elixir.AMQP.Connection',pid => <0.2505.0>},pid => <0.2519.0>}},publisher_channel => #{'__struct__' => 'Elixir.AMQP.Channel',conn => #{'__struct__' => 'Elixir.AMQP.Connection',pid => <0.2505.0>},pid => <0.2515.0>}}
** Reason for termination ==
** {{noproc,{gen_server,call,[<0.2505.0>,{command,{close,{'connection.close',200,<<"Goodbye">>,0,0},60000}},60000]}},[{gen_server,call,3,[{file,"gen_server.erl"},{line,223}]},{'Elixir.AMQP.Connection',close,1,[{file,"lib/amqp/connection.ex"},{line,117}]},{'Elixir.RailwayIpc.Connection',terminate,2,[{file,"lib/railway_ipc/connection.ex"},{line,79}]},{gen_server,try_terminate,3,[{file,"gen_server.erl"},{line,673}]},{gen_server,terminate,10,[{file,"gen_server.erl"},{line,858}]},{proc_lib,init_p_do_apply,3,[{file,"proc_lib.erl"},{line,249}]}]}
2019-12-02 07:01:36 =SUPERVISOR REPORT====
     Supervisor: {<0.2503.0>,amqp_connection_sup}
     Context:    child_terminated
     Reason:     {socket_error,timeout}
     Offender:   [{pid,<0.2505.0>},{name,connection},{mfargs,{amqp_gen_connection,start_link,[<0.2504.0>,{amqp_params_network,<<"guest">>,<<"guest">>,<<"/">>,"localhost",5672,2047,0,10,60000,none,[#Fun<amqp_uri.11.12217282>,#Fun<amqp_uri.11.12217282>],[],[]}]}},{restart_type,intrinsic},{shutdown,brutal_kill},{child_type,worker}]

2019-12-02 07:01:36 =SUPERVISOR REPORT====
     Supervisor: {<0.2503.0>,amqp_connection_sup}
     Context:    shutdown
     Reason:     reached_max_restart_intensity
     Offender:   [{pid,<0.2505.0>},{name,connection},{mfargs,{amqp_gen_connection,start_link,[<0.2504.0>,{amqp_params_network,<<"guest">>,<<"guest">>,<<"/">>,"localhost",5672,2047,0,10,60000,none,[#Fun<amqp_uri.11.12217282>,#Fun<amqp_uri.11.12217282>],[],[]}]}},{restart_type,intrinsic},{shutdown,brutal_kill},{child_type,worker}]

2019-12-02 07:01:36 =CRASH REPORT====
  crasher:
    initial call: Elixir.RailwayIpc.Connection:init/1
    pid: <0.2500.0>
    registered_name: 'Elixir.RailwayIpc.Connection'
    exception exit: {{noproc,{gen_server,call,[<0.2505.0>,{command,{close,{'connection.close',200,<<"Goodbye">>,0,0},60000}},60000]}},[{gen_server,call,3,[{file,"gen_server.erl"},{line,223}]},{'Elixir.AMQP.Connection',close,1,[{file,"lib/amqp/connection.ex"},{line,117}]},{'Elixir.RailwayIpc.Connection',terminate,2,[{file,"lib/railway_ipc/connection.ex"},{line,79}]},{gen_server,try_terminate,3,[{file,"gen_server.erl"},{line,673}]},{gen_server,terminate,10,[{file,"gen_server.erl"},{line,858}]},{proc_lib,init_p_do_apply,3,[{file,"proc_lib.erl"},{line,249}]}]}
    ancestors: ['Elixir.RailwayIpc.Connection.Supervisor','Elixir.RailwayIpc.Supervisor',<0.422.0>]
    message_queue_len: 0
    messages: []
    links: [<0.424.0>]
    dictionary: [{gen_server_call_timeout,60000}]
    trap_exit: false
    status: running
    heap_size: 4185
    stack_size: 27
    reductions: 9426
  neighbours:
2019-12-02 07:01:36 =SUPERVISOR REPORT====
     Supervisor: {local,'Elixir.RailwayIpc.Connection.Supervisor'}
     Context:    child_terminated
     Reason:     {noproc,{gen_server,call,[<0.2505.0>,{command,{close,{'connection.close',200,<<"Goodbye">>,0,0},60000}},60000]}}
     Offender:   [{pid,<0.2500.0>},{id,'Elixir.RailwayIpc.Connection'},{mfargs,{'Elixir.RailwayIpc.Connection',start_link,[[{name,'Elixir.RailwayIpc.Connection'}]]}},{restart_type,permanent},{shutdown,5000},{child_type,worker}]

2019-12-02 07:25:58 =ERROR REPORT====
** Generic server <0.2532.0> terminating 
** Last message in was {timeout,#Ref<0.1802511476.968622084.22938>,idle_timeout}
** When Server state == {state,#Port<0.329>,#Ref<0.1802511476.968622084.22938>,<0.2528.0>,<0.2530.0>,{method,rabbit_framing_amqp_0_9_1},{expecting_header,<<>>}}
** Reason for termination ==
** {socket_error,timeout}
2019-12-02 07:25:58 =CRASH REPORT====
  crasher:
    initial call: amqp_main_reader:init/1
    pid: <0.2532.0>
    registered_name: []
    exception exit: {{socket_error,timeout},[{gen_server,handle_common_reply,8,[{file,"gen_server.erl"},{line,751}]},{proc_lib,init_p_do_apply,3,[{file,"proc_lib.erl"},{line,249}]}]}
    ancestors: [<0.2527.0>,<0.2526.0>,amqp_sup,<0.407.0>]
    message_queue_len: 0
    messages: []
    links: [<0.2527.0>,#Port<0.329>]
    dictionary: [{gen_server_call_timeout,60000},{process_name,{amqp_main_reader,<<"client 127.0.0.1:60525 -> 127.0.0.1:5672">>}}]
    trap_exit: false
    status: running
    heap_size: 1598
    stack_size: 27
    reductions: 3316
  neighbours:
2019-12-02 07:25:58 =ERROR REPORT====
** Generic server <0.2528.0> terminating 
** Last message in was {socket_error,timeout}
** When Server state == {state,amqp_network_connection,{state,#Port<0.329>,<<"client 127.0.0.1:60525 -> 127.0.0.1:5672">>,10,<0.2531.0>,131072,<0.2527.0>,undefined,false},<0.2530.0>,{amqp_params_network,<<"guest">>,<<"guest">>,<<"/">>,"localhost",5672,2047,0,10,60000,none,[#Fun<amqp_uri.11.12217282>,#Fun<amqp_uri.11.12217282>],[],[]},2047,[{<<"capabilities">>,table,[{<<"publisher_confirms">>,bool,true},{<<"exchange_exchange_bindings">>,bool,true},{<<"basic.nack">>,bool,true},{<<"consumer_cancel_notify">>,bool,true},{<<"connection.blocked">>,bool,true},{<<"consumer_priorities">>,bool,true},{<<"authentication_failure_close">>,bool,true},{<<"per_consumer_qos">>,bool,true},{<<"direct_reply_to">>,bool,true}]},{<<"cluster_name">>,longstr,<<"rabbit@8ab9c67f7ec8">>},{<<"copyright">>,longstr,<<"Copyright (C) 2007-2018 Pivotal Software, Inc.">>},{<<"information">>,longstr,<<"Licensed under the MPL.  See http://www.rabbitmq.com/">>},{<<"platform">>,longstr,<<"Erlang/OTP 19.2.1">>},{<<"product">>,longstr,<<"RabbitMQ">>},{<<"version">>,longstr,<<"3.6.16">>}],none,false}
** Reason for termination ==
** {socket_error,timeout}
2019-12-02 07:25:58 =CRASH REPORT====
  crasher:
    initial call: amqp_gen_connection:init/1
    pid: <0.2528.0>
    registered_name: []
    exception exit: {{socket_error,timeout},[{gen_server,handle_common_reply,8,[{file,"gen_server.erl"},{line,751}]},{proc_lib,init_p_do_apply,3,[{file,"proc_lib.erl"},{line,249}]}]}
    ancestors: [<0.2526.0>,amqp_sup,<0.407.0>]
    message_queue_len: 0
    messages: []
    links: [<0.2526.0>]
    dictionary: [{gen_server_call_timeout,60000},{process_name,{amqp_gen_connection,<<"client 127.0.0.1:60525 -> 127.0.0.1:5672">>}}]
    trap_exit: true
    status: running
    heap_size: 2586
    stack_size: 27
    reductions: 13717
  neighbours:
2019-12-02 07:25:58 =SUPERVISOR REPORT====
     Supervisor: {<0.2527.0>,amqp_connection_type_sup}
     Context:    child_terminated
     Reason:     {socket_error,timeout}
     Offender:   [{pid,<0.2532.0>},{name,main_reader},{mfargs,{amqp_main_reader,start_link,[#Port<0.329>,<0.2528.0>,<0.2530.0>,{method,rabbit_framing_amqp_0_9_1},<<"client 127.0.0.1:60525 -> 127.0.0.1:5672">>]}},{restart_type,transient},{shutdown,30000},{child_type,worker}]

2019-12-02 07:25:58 =SUPERVISOR REPORT====
     Supervisor: {<0.2527.0>,amqp_connection_type_sup}
     Context:    shutdown
     Reason:     reached_max_restart_intensity
     Offender:   [{pid,<0.2532.0>},{name,main_reader},{mfargs,{amqp_main_reader,start_link,[#Port<0.329>,<0.2528.0>,<0.2530.0>,{method,rabbit_framing_amqp_0_9_1},<<"client 127.0.0.1:60525 -> 127.0.0.1:5672">>]}},{restart_type,transient},{shutdown,30000},{child_type,worker}]

2019-12-02 07:25:58 =SUPERVISOR REPORT====
     Supervisor: {<0.2526.0>,amqp_connection_sup}
     Context:    child_terminated
     Reason:     {socket_error,timeout}
     Offender:   [{pid,<0.2528.0>},{name,connection},{mfargs,{amqp_gen_connection,start_link,[<0.2527.0>,{amqp_params_network,<<"guest">>,<<"guest">>,<<"/">>,"localhost",5672,2047,0,10,60000,none,[#Fun<amqp_uri.11.12217282>,#Fun<amqp_uri.11.12217282>],[],[]}]}},{restart_type,intrinsic},{shutdown,brutal_kill},{child_type,worker}]

2019-12-02 07:25:58 =SUPERVISOR REPORT====
     Supervisor: {<0.2526.0>,amqp_connection_sup}
     Context:    shutdown
     Reason:     reached_max_restart_intensity
     Offender:   [{pid,<0.2528.0>},{name,connection},{mfargs,{amqp_gen_connection,start_link,[<0.2527.0>,{amqp_params_network,<<"guest">>,<<"guest">>,<<"/">>,"localhost",5672,2047,0,10,60000,none,[#Fun<amqp_uri.11.12217282>,#Fun<amqp_uri.11.12217282>],[],[]}]}},{restart_type,intrinsic},{shutdown,brutal_kill},{child_type,worker}]

2019-12-02 07:25:58 =ERROR REPORT====
** Generic server 'Elixir.RailwayIpc.Connection' terminating 
** Last message in was {'DOWN',#Ref<0.1802511476.968622084.22769>,process,<0.2528.0>,{socket_error,timeout}}
** When Server state == #{'__struct__' => 'Elixir.RailwayIpc.Connection',connection => #{'__struct__' => 'Elixir.AMQP.Connection',pid => <0.2528.0>},consumer_channels => #{'Elixir.RailwayIpc.Ipc.RepublishedMessagesConsumer' => #{'__struct__' => 'Elixir.AMQP.Channel',conn => #{'__struct__' => 'Elixir.AMQP.Connection',pid => <0.2528.0>},pid => <0.2541.0>}},publisher_channel => #{'__struct__' => 'Elixir.AMQP.Channel',conn => #{'__struct__' => 'Elixir.AMQP.Connection',pid => <0.2528.0>},pid => <0.2537.0>}}
** Reason for termination ==
** {{noproc,{gen_server,call,[<0.2528.0>,{command,{close,{'connection.close',200,<<"Goodbye">>,0,0},60000}},60000]}},[{gen_server,call,3,[{file,"gen_server.erl"},{line,223}]},{'Elixir.AMQP.Connection',close,1,[{file,"lib/amqp/connection.ex"},{line,117}]},{'Elixir.RailwayIpc.Connection',terminate,2,[{file,"lib/railway_ipc/connection.ex"},{line,79}]},{gen_server,try_terminate,3,[{file,"gen_server.erl"},{line,673}]},{gen_server,terminate,10,[{file,"gen_server.erl"},{line,858}]},{proc_lib,init_p_do_apply,3,[{file,"proc_lib.erl"},{line,249}]}]}
2019-12-02 07:25:58 =CRASH REPORT====
  crasher:
    initial call: Elixir.RailwayIpc.Connection:init/1
    pid: <0.2523.0>
    registered_name: 'Elixir.RailwayIpc.Connection'
    exception exit: {{noproc,{gen_server,call,[<0.2528.0>,{command,{close,{'connection.close',200,<<"Goodbye">>,0,0},60000}},60000]}},[{gen_server,call,3,[{file,"gen_server.erl"},{line,223}]},{'Elixir.AMQP.Connection',close,1,[{file,"lib/amqp/connection.ex"},{line,117}]},{'Elixir.RailwayIpc.Connection',terminate,2,[{file,"lib/railway_ipc/connection.ex"},{line,79}]},{gen_server,try_terminate,3,[{file,"gen_server.erl"},{line,673}]},{gen_server,terminate,10,[{file,"gen_server.erl"},{line,858}]},{proc_lib,init_p_do_apply,3,[{file,"proc_lib.erl"},{line,249}]}]}
    ancestors: ['Elixir.RailwayIpc.Connection.Supervisor','Elixir.RailwayIpc.Supervisor',<0.422.0>]
    message_queue_len: 2
    messages: [{'DOWN',#Ref<0.1802511476.968622084.22770>,process,<0.2537.0>,shutdown},{'DOWN',#Ref<0.1802511476.968622084.22802>,process,<0.2541.0>,shutdown}]
    links: [<0.424.0>]
    dictionary: [{gen_server_call_timeout,60000}]
    trap_exit: false
    status: running
    heap_size: 4185
    stack_size: 27
    reductions: 9434
  neighbours:
2019-12-02 07:25:58 =SUPERVISOR REPORT====
     Supervisor: {local,'Elixir.RailwayIpc.Connection.Supervisor'}
     Context:    child_terminated
     Reason:     {noproc,{gen_server,call,[<0.2528.0>,{command,{close,{'connection.close',200,<<"Goodbye">>,0,0},60000}},60000]}}
     Offender:   [{pid,<0.2523.0>},{id,'Elixir.RailwayIpc.Connection'},{mfargs,{'Elixir.RailwayIpc.Connection',start_link,[[{name,'Elixir.RailwayIpc.Connection'}]]}},{restart_type,permanent},{shutdown,5000},{child_type,worker}]

2019-12-02 07:35:09 =ERROR REPORT====
** Generic server <0.556.0> terminating 
** Last message in was #{'__struct__' => 'Elixir.Phoenix.Socket.Message',event => <<"event">>,join_ref => 0,payload => #{<<"event">> => <<"search">>,<<"type">> => <<"form">>,<<"value">> => <<"search[query]=uuid&search[value]=77471a02-05c8-408c-a778-a066c8cd0caa">>},ref => <<"1">>,topic => <<"phx-jE9EKgnI">>}
** When Server state == #{components => {#{},#{},0},join_ref => 0,router => 'Elixir.RailwayUiWeb.Router',serializer => 'Elixir.Phoenix.LiveViewTest.ClientProxy',socket => #{'__struct__' => 'Elixir.Phoenix.LiveView.Socket',assigns => #{messages => nil,state => #{'__struct__' => 'Elixir.RailwayUiWeb.MessageLive.Index.State',current_user_uuid => <<"06e5a391-6aa4-40b1-b864-f0aba06fc322">>,flash => #{},page => 1,page_nums => 5,query_filter => nil,query_value => nil,search => #{'__struct__' => 'Elixir.RailwayUiWeb.MessageLive.Index.Search',query => nil,value => nil}},view => 'Elixir.RailwayUiWeb.PublishedMessageLive.Index'},changed => #{},'connected?' => true,endpoint => 'Elixir.RailwayUiWeb.Endpoint',fingerprints => {82073203307931291254083267179878356712,#{0 => {339335001541921608376181035276752501140,#{}},1 => {92662450738149487445429617559069288610,#{}},2 => 137073136173526650860537822598359375899,3 => {196554928072694710295403558272860233670,#{2 => 159651448281799032398334220887293474933}}}},id => <<"phx-pWR9Ftle">>,parent_pid => nil,private => #{temporary_assigns => #{messages => nil}},redirected => nil,root_pid => <0.556.0>,view => 'Elixir.RailwayUiWeb.PublishedMessageLive.Index'},topic => <<"phx-jE9EKgnI">>,transport_pid => <0.555.0>,uri => #{'__struct__' => 'Elixir.URI',authority => nil,fragment => nil,host => <<"localhost">>,path => nil,port => 4002,query => nil,scheme => <<"http">>,userinfo => nil}}
** Reason for termination ==
** {#{'__exception__' => true,'__struct__' => 'Elixir.Mox.UnexpectedCallError',message => <<"no expectation defined for RailwayUi.PersistenceMock.count_published_message_search_results/2 in process #PID<0.556.0> (or in its callers [#PID<0.553.0>]) with args [\"uuid\", \"77471a02-05c8-408c-a778-a066c8cd0caa\"]">>},[{'Elixir.Mox','__dispatch__',4,[{file,"lib/mox.ex"},{line,599}]},{'Elixir.RailwayUiWeb.MessageLive.Index.State',search_results_count,3,[{file,"lib/railway_ui_web/live/message_live/index/state.ex"},{line,105}]},{'Elixir.RailwayUiWeb.MessageLive.Index.State',for_search,5,[{file,"lib/railway_ui_web/live/message_live/index/state.ex"},{line,37}]},{'Elixir.RailwayUiWeb.PublishedMessageLive.Index',handle_params,3,[{file,"lib/railway_ui_web/live/published_message_live/index.ex"},{line,4}]},{'Elixir.Phoenix.LiveView.Channel',sync_handle_params_with_live_redirect,4,[{file,"lib/phoenix_live_view/channel.ex"},{line,376}]},{'Elixir.Phoenix.LiveView.Channel',handle_result,3,[{file,"lib/phoenix_live_view/channel.ex"},{line,223}]},{gen_server,try_dispatch,4,[{file,"gen_server.erl"},{line,637}]},{gen_server,handle_msg,6,[{file,"gen_server.erl"},{line,711}]},{proc_lib,init_p_do_apply,3,[{file,"proc_lib.erl"},{line,249}]}]}
2019-12-02 07:35:09 =CRASH REPORT====
  crasher:
    initial call: Elixir.Phoenix.LiveView.Channel:init/1
    pid: <0.556.0>
    registered_name: []
    exception error: {#{'__exception__' => true,'__struct__' => 'Elixir.Mox.UnexpectedCallError',message => <<"no expectation defined for RailwayUi.PersistenceMock.count_published_message_search_results/2 in process #PID<0.556.0> (or in its callers [#PID<0.553.0>]) with args [\"uuid\", \"77471a02-05c8-408c-a778-a066c8cd0caa\"]">>},[{'Elixir.Mox','__dispatch__',4,[{file,"lib/mox.ex"},{line,599}]},{'Elixir.RailwayUiWeb.MessageLive.Index.State',search_results_count,3,[{file,"lib/railway_ui_web/live/message_live/index/state.ex"},{line,105}]},{'Elixir.RailwayUiWeb.MessageLive.Index.State',for_search,5,[{file,"lib/railway_ui_web/live/message_live/index/state.ex"},{line,37}]},{'Elixir.RailwayUiWeb.PublishedMessageLive.Index',handle_params,3,[{file,"lib/railway_ui_web/live/published_message_live/index.ex"},{line,4}]},{'Elixir.Phoenix.LiveView.Channel',sync_handle_params_with_live_redirect,4,[{file,"lib/phoenix_live_view/channel.ex"},{line,376}]},{'Elixir.Phoenix.LiveView.Channel',handle_result,3,[{file,"lib/phoenix_live_view/channel.ex"},{line,223}]},{gen_server,try_dispatch,4,[{file,"gen_server.erl"},{line,637}]},{gen_server,handle_msg,6,[{file,"gen_server.erl"},{line,711}]},{proc_lib,init_p_do_apply,3,[{file,"proc_lib.erl"},{line,249}]}]}
    ancestors: ['Elixir.Phoenix.LiveView.DynamicSupervisor','Elixir.Phoenix.LiveView.Supervisor',<0.432.0>]
    message_queue_len: 0
    messages: []
    links: [<0.434.0>]
    dictionary: [{'$callers',[<0.553.0>]}]
    trap_exit: false
    status: running
    heap_size: 17731
    stack_size: 27
    reductions: 165735
  neighbours:
2019-12-02 07:35:09 =SUPERVISOR REPORT====
     Supervisor: {local,'Elixir.Phoenix.LiveView.DynamicSupervisor'}
     Context:    child_terminated
     Reason:     {#{'__exception__' => true,'__struct__' => 'Elixir.Mox.UnexpectedCallError',message => <<"no expectation defined for RailwayUi.PersistenceMock.count_published_message_search_results/2 in process #PID<0.556.0> (or in its callers [#PID<0.553.0>]) with args [\"uuid\", \"77471a02-05c8-408c-a778-a066c8cd0caa\"]">>},[{'Elixir.Mox','__dispatch__',4,[{file,"lib/mox.ex"},{line,599}]},{'Elixir.RailwayUiWeb.MessageLive.Index.State',search_results_count,3,[{file,"lib/railway_ui_web/live/message_live/index/state.ex"},{line,105}]},{'Elixir.RailwayUiWeb.MessageLive.Index.State',for_search,5,[{file,"lib/railway_ui_web/live/message_live/index/state.ex"},{line,37}]},{'Elixir.RailwayUiWeb.PublishedMessageLive.Index',handle_params,3,[{file,"lib/railway_ui_web/live/published_message_live/index.ex"},{line,4}]},{'Elixir.Phoenix.LiveView.Channel',sync_handle_params_with_live_redirect,4,[{file,"lib/phoenix_live_view/channel.ex"},{line,376}]},{'Elixir.Phoenix.LiveView.Channel',handle_result,3,[{file,"lib/phoenix_live_view/channel.ex"},{line,223}]},{gen_server,try_dispatch,4,[{file,"gen_server.erl"},{line,637}]},{gen_server,handle_msg,6,[{file,"gen_server.erl"},{line,711}]},{proc_lib,init_p_do_apply,3,[{file,"proc_lib.erl"},{line,249}]}]}
     Offender:   [{pid,<0.556.0>},{id,undefined},{mfargs,{'Elixir.Phoenix.LiveView.Channel',start_link,undefined}},{restart_type,temporary},{shutdown,5000},{child_type,worker}]

2019-12-02 07:40:55 =ERROR REPORT====
** Generic server <0.560.0> terminating 
** Last message in was #{'__struct__' => 'Elixir.Phoenix.Socket.Message',event => <<"event">>,join_ref => 0,payload => #{<<"event">> => <<"search">>,<<"type">> => <<"form">>,<<"value">> => <<"page=2&search[query]=message_type&search[value]=CreateBatch">>},ref => <<"1">>,topic => <<"phx-QQCOA-Hs">>}
** When Server state == #{components => {#{},#{},0},join_ref => 0,router => 'Elixir.RailwayUiWeb.Router',serializer => 'Elixir.Phoenix.LiveViewTest.ClientProxy',socket => #{'__struct__' => 'Elixir.Phoenix.LiveView.Socket',assigns => #{messages => nil,state => #{'__struct__' => 'Elixir.RailwayUiWeb.MessageLive.Index.State',current_user_uuid => <<"4ea73b75-3712-4d34-a050-5c3fceba39de">>,flash => #{},page => 1,page_nums => 5,query_filter => nil,query_value => nil,search => #{'__struct__' => 'Elixir.RailwayUiWeb.MessageLive.Index.Search',query => nil,value => nil}},view => 'Elixir.RailwayUiWeb.PublishedMessageLive.Index'},changed => #{},'connected?' => true,endpoint => 'Elixir.RailwayUiWeb.Endpoint',fingerprints => {82073203307931291254083267179878356712,#{0 => {339335001541921608376181035276752501140,#{}},1 => {92662450738149487445429617559069288610,#{}},2 => 137073136173526650860537822598359375899,3 => {196554928072694710295403558272860233670,#{2 => 159651448281799032398334220887293474933}}}},id => <<"phx-ywxpiLBW">>,parent_pid => nil,private => #{temporary_assigns => #{messages => nil}},redirected => nil,root_pid => <0.560.0>,view => 'Elixir.RailwayUiWeb.PublishedMessageLive.Index'},topic => <<"phx-QQCOA-Hs">>,transport_pid => <0.559.0>,uri => #{'__struct__' => 'Elixir.URI',authority => nil,fragment => nil,host => <<"localhost">>,path => nil,port => 4002,query => nil,scheme => <<"http">>,userinfo => nil}}
** Reason for termination ==
** {function_clause,[{'Elixir.RailwayUiWeb.PublishedMessageLive.IndexTest','-test it searches by message type/1-fun-0-',[<<"message_type">>,<<"CreateBatch">>,#{limit => 2,page => 2}],[{file,"test/railway_ui_web/live/published_message_live/index_test.exs"},{line,122}]},{'Elixir.RailwayUiWeb.MessageLive.Index.State',messages_search,4,[{file,"lib/railway_ui_web/live/message_live/index/state.ex"},{line,27}]},{'Elixir.RailwayUiWeb.PublishedMessageLive.Index',handle_params,3,[{file,"lib/railway_ui_web/live/published_message_live/index.ex"},{line,4}]},{'Elixir.Phoenix.LiveView.Channel',sync_handle_params_with_live_redirect,4,[{file,"lib/phoenix_live_view/channel.ex"},{line,376}]},{'Elixir.Phoenix.LiveView.Channel',handle_result,3,[{file,"lib/phoenix_live_view/channel.ex"},{line,223}]},{gen_server,try_dispatch,4,[{file,"gen_server.erl"},{line,637}]},{gen_server,handle_msg,6,[{file,"gen_server.erl"},{line,711}]},{proc_lib,init_p_do_apply,3,[{file,"proc_lib.erl"},{line,249}]}]}
2019-12-02 07:40:55 =CRASH REPORT====
  crasher:
    initial call: Elixir.Phoenix.LiveView.Channel:init/1
    pid: <0.560.0>
    registered_name: []
    exception error: {function_clause,[{'Elixir.RailwayUiWeb.PublishedMessageLive.IndexTest','-test it searches by message type/1-fun-0-',[<<"message_type">>,<<"CreateBatch">>,#{limit => 2,page => 2}],[{file,"test/railway_ui_web/live/published_message_live/index_test.exs"},{line,122}]},{'Elixir.RailwayUiWeb.MessageLive.Index.State',messages_search,4,[{file,"lib/railway_ui_web/live/message_live/index/state.ex"},{line,27}]},{'Elixir.RailwayUiWeb.PublishedMessageLive.Index',handle_params,3,[{file,"lib/railway_ui_web/live/published_message_live/index.ex"},{line,4}]},{'Elixir.Phoenix.LiveView.Channel',sync_handle_params_with_live_redirect,4,[{file,"lib/phoenix_live_view/channel.ex"},{line,376}]},{'Elixir.Phoenix.LiveView.Channel',handle_result,3,[{file,"lib/phoenix_live_view/channel.ex"},{line,223}]},{gen_server,try_dispatch,4,[{file,"gen_server.erl"},{line,637}]},{gen_server,handle_msg,6,[{file,"gen_server.erl"},{line,711}]},{proc_lib,init_p_do_apply,3,[{file,"proc_lib.erl"},{line,249}]}]}
    ancestors: ['Elixir.Phoenix.LiveView.DynamicSupervisor','Elixir.Phoenix.LiveView.Supervisor',<0.432.0>]
    message_queue_len: 0
    messages: []
    links: [<0.434.0>]
    dictionary: [{'$callers',[<0.557.0>]}]
    trap_exit: false
    status: running
    heap_size: 4185
    stack_size: 27
    reductions: 164940
  neighbours:
2019-12-02 07:40:55 =SUPERVISOR REPORT====
     Supervisor: {local,'Elixir.Phoenix.LiveView.DynamicSupervisor'}
     Context:    child_terminated
     Reason:     {function_clause,[{'Elixir.RailwayUiWeb.PublishedMessageLive.IndexTest','-test it searches by message type/1-fun-0-',[<<"message_type">>,<<"CreateBatch">>,#{limit => 2,page => 2}],[{file,"test/railway_ui_web/live/published_message_live/index_test.exs"},{line,122}]},{'Elixir.RailwayUiWeb.MessageLive.Index.State',messages_search,4,[{file,"lib/railway_ui_web/live/message_live/index/state.ex"},{line,27}]},{'Elixir.RailwayUiWeb.PublishedMessageLive.Index',handle_params,3,[{file,"lib/railway_ui_web/live/published_message_live/index.ex"},{line,4}]},{'Elixir.Phoenix.LiveView.Channel',sync_handle_params_with_live_redirect,4,[{file,"lib/phoenix_live_view/channel.ex"},{line,376}]},{'Elixir.Phoenix.LiveView.Channel',handle_result,3,[{file,"lib/phoenix_live_view/channel.ex"},{line,223}]},{gen_server,try_dispatch,4,[{file,"gen_server.erl"},{line,637}]},{gen_server,handle_msg,6,[{file,"gen_server.erl"},{line,711}]},{proc_lib,init_p_do_apply,3,[{file,"proc_lib.erl"},{line,249}]}]}
     Offender:   [{pid,<0.560.0>},{id,undefined},{mfargs,{'Elixir.Phoenix.LiveView.Channel',start_link,undefined}},{restart_type,temporary},{shutdown,5000},{child_type,worker}]

